{"/home/travis/build/npmtest/node-npmtest-docopt/test.js":{"path":"/home/travis/build/npmtest/node-npmtest-docopt/test.js","s":{"1":2,"2":2,"3":2,"4":2,"5":2,"6":2,"7":2,"8":1,"9":2,"10":2,"11":1,"12":1,"13":1,"14":1,"15":2,"16":2,"17":2,"18":2,"19":1,"20":1,"21":2,"22":2,"23":2,"24":1,"25":1,"26":1,"27":1,"28":1,"29":1,"30":1,"31":1,"32":1,"33":1,"34":1,"35":1,"36":1,"37":2,"38":2,"39":1,"40":2,"41":2,"42":1,"43":2,"44":2,"45":1,"46":2,"47":2,"48":1,"49":1,"50":1,"51":1,"52":1},"b":{"1":[2,1,1,1],"2":[1,1,1,1],"3":[1,1],"4":[1,1],"5":[1,1],"6":[1,1],"7":[1,1],"8":[1,1],"9":[1,1,1],"10":[1,1],"11":[1,1],"12":[1,1],"13":[1,1],"14":[1,1],"15":[1,1],"16":[1,1]},"f":{"1":2,"2":2,"3":2,"4":2,"5":2,"6":1,"7":1,"8":2,"9":2,"10":2,"11":2,"12":1},"fnMap":{"1":{"name":"(anonymous_1)","line":12,"loc":{"start":{"line":12,"column":1},"end":{"line":12,"column":13}}},"2":{"name":"(anonymous_2)","line":19,"loc":{"start":{"line":19,"column":5},"end":{"line":19,"column":17}}},"3":{"name":"(anonymous_3)","line":23,"loc":{"start":{"line":23,"column":24},"end":{"line":23,"column":36}}},"4":{"name":"(anonymous_4)","line":61,"loc":{"start":{"line":61,"column":5},"end":{"line":61,"column":17}}},"5":{"name":"(anonymous_5)","line":82,"loc":{"start":{"line":82,"column":5},"end":{"line":82,"column":17}}},"6":{"name":"(anonymous_6)","line":102,"loc":{"start":{"line":102,"column":83},"end":{"line":105,"column":10}},"skip":true},"7":{"name":"(anonymous_7)","line":113,"loc":{"start":{"line":113,"column":77},"end":{"line":116,"column":10}},"skip":true},"8":{"name":"(anonymous_8)","line":129,"loc":{"start":{"line":129,"column":12},"end":{"line":129,"column":40}},"skip":true},"9":{"name":"(anonymous_9)","line":137,"loc":{"start":{"line":137,"column":77},"end":{"line":140,"column":10}},"skip":true},"10":{"name":"(anonymous_10)","line":148,"loc":{"start":{"line":148,"column":83},"end":{"line":151,"column":10}},"skip":true},"11":{"name":"(anonymous_11)","line":159,"loc":{"start":{"line":159,"column":79},"end":{"line":162,"column":10}},"skip":true},"12":{"name":"(anonymous_12)","line":170,"loc":{"start":{"line":170,"column":75},"end":{"line":173,"column":10}},"skip":true}},"statementMap":{"1":{"start":{"line":12,"column":0},"end":{"line":185,"column":5}},"2":{"start":{"line":14,"column":4},"end":{"line":14,"column":14}},"3":{"start":{"line":19,"column":4},"end":{"line":56,"column":9}},"4":{"start":{"line":21,"column":8},"end":{"line":21,"column":19}},"5":{"start":{"line":23,"column":8},"end":{"line":35,"column":13}},"6":{"start":{"line":24,"column":12},"end":{"line":34,"column":13}},"7":{"start":{"line":25,"column":16},"end":{"line":28,"column":30}},"8":{"start":{"line":30,"column":16},"end":{"line":33,"column":27}},"9":{"start":{"line":37,"column":8},"end":{"line":39,"column":21}},"10":{"start":{"line":40,"column":8},"end":{"line":53,"column":9}},"11":{"start":{"line":43,"column":12},"end":{"line":46,"column":14}},"12":{"start":{"line":47,"column":12},"end":{"line":47,"column":18}},"13":{"start":{"line":50,"column":12},"end":{"line":51,"column":46}},"14":{"start":{"line":52,"column":12},"end":{"line":52,"column":18}},"15":{"start":{"line":55,"column":8},"end":{"line":55,"column":35}},"16":{"start":{"line":61,"column":4},"end":{"line":63,"column":9}},"17":{"start":{"line":62,"column":8},"end":{"line":62,"column":15}},"18":{"start":{"line":64,"column":4},"end":{"line":77,"column":5}},"19":{"start":{"line":70,"column":8},"end":{"line":70,"column":14}},"20":{"start":{"line":76,"column":8},"end":{"line":76,"column":14}},"21":{"start":{"line":82,"column":4},"end":{"line":84,"column":9}},"22":{"start":{"line":83,"column":8},"end":{"line":83,"column":15}},"23":{"start":{"line":85,"column":4},"end":{"line":184,"column":5}},"24":{"start":{"line":92,"column":8},"end":{"line":94,"column":63}},"25":{"start":{"line":95,"column":8},"end":{"line":95,"column":14}},"26":{"start":{"line":102,"column":8},"end":{"line":111,"column":10},"skip":true},"27":{"start":{"line":109,"column":12},"end":{"line":109,"column":55},"skip":true},"28":{"start":{"line":110,"column":12},"end":{"line":110,"column":48},"skip":true},"29":{"start":{"line":113,"column":8},"end":{"line":126,"column":10},"skip":true},"30":{"start":{"line":120,"column":12},"end":{"line":120,"column":76},"skip":true},"31":{"start":{"line":121,"column":12},"end":{"line":121,"column":73},"skip":true},"32":{"start":{"line":122,"column":12},"end":{"line":122,"column":74},"skip":true},"33":{"start":{"line":123,"column":12},"end":{"line":123,"column":79},"skip":true},"34":{"start":{"line":124,"column":12},"end":{"line":124,"column":25},"skip":true},"35":{"start":{"line":125,"column":12},"end":{"line":125,"column":45},"skip":true},"36":{"start":{"line":128,"column":8},"end":{"line":135,"column":14},"skip":true},"37":{"start":{"line":133,"column":16},"end":{"line":133,"column":29},"skip":true},"38":{"start":{"line":134,"column":16},"end":{"line":134,"column":55},"skip":true},"39":{"start":{"line":137,"column":8},"end":{"line":146,"column":10},"skip":true},"40":{"start":{"line":144,"column":12},"end":{"line":144,"column":25},"skip":true},"41":{"start":{"line":145,"column":12},"end":{"line":145,"column":45},"skip":true},"42":{"start":{"line":148,"column":8},"end":{"line":157,"column":10},"skip":true},"43":{"start":{"line":155,"column":12},"end":{"line":155,"column":25},"skip":true},"44":{"start":{"line":156,"column":12},"end":{"line":156,"column":48},"skip":true},"45":{"start":{"line":159,"column":8},"end":{"line":168,"column":10},"skip":true},"46":{"start":{"line":166,"column":12},"end":{"line":166,"column":25},"skip":true},"47":{"start":{"line":167,"column":12},"end":{"line":167,"column":46},"skip":true},"48":{"start":{"line":170,"column":8},"end":{"line":179,"column":10},"skip":true},"49":{"start":{"line":177,"column":12},"end":{"line":177,"column":94},"skip":true},"50":{"start":{"line":178,"column":12},"end":{"line":178,"column":48},"skip":true},"51":{"start":{"line":182,"column":8},"end":{"line":182,"column":35},"skip":true},"52":{"start":{"line":183,"column":8},"end":{"line":183,"column":14},"skip":true}},"branchMap":{"1":{"line":25,"type":"binary-expr","locations":[{"start":{"line":25,"column":23},"end":{"line":25,"column":62}},{"start":{"line":26,"column":20},"end":{"line":26,"column":70}},{"start":{"line":27,"column":20},"end":{"line":27,"column":71}},{"start":{"line":28,"column":20},"end":{"line":28,"column":29}}]},"2":{"line":30,"type":"binary-expr","locations":[{"start":{"line":30,"column":23},"end":{"line":30,"column":37}},{"start":{"line":31,"column":20},"end":{"line":31,"column":61}},{"start":{"line":32,"column":20},"end":{"line":32,"column":70}},{"start":{"line":33,"column":20},"end":{"line":33,"column":26}}]},"3":{"line":37,"type":"cond-expr","locations":[{"start":{"line":38,"column":14},"end":{"line":38,"column":20}},{"start":{"line":39,"column":14},"end":{"line":39,"column":20}}]},"4":{"line":40,"type":"switch","locations":[{"start":{"line":42,"column":8},"end":{"line":47,"column":18}},{"start":{"line":49,"column":8},"end":{"line":52,"column":18}}]},"5":{"line":44,"type":"binary-expr","locations":[{"start":{"line":44,"column":16},"end":{"line":44,"column":44}},{"start":{"line":44,"column":48},"end":{"line":44,"column":66}}]},"6":{"line":50,"type":"binary-expr","locations":[{"start":{"line":50,"column":21},"end":{"line":50,"column":49}},{"start":{"line":50,"column":53},"end":{"line":50,"column":72}}]},"7":{"line":64,"type":"switch","locations":[{"start":{"line":69,"column":4},"end":{"line":70,"column":14}},{"start":{"line":75,"column":4},"end":{"line":76,"column":14}}]},"8":{"line":85,"type":"switch","locations":[{"start":{"line":90,"column":4},"end":{"line":95,"column":14}},{"start":{"line":101,"column":4},"end":{"line":183,"column":14},"skip":true}]},"9":{"line":92,"type":"binary-expr","locations":[{"start":{"line":92,"column":18},"end":{"line":92,"column":32}},{"start":{"line":93,"column":12},"end":{"line":93,"column":53}},{"start":{"line":94,"column":12},"end":{"line":94,"column":61}}]},"10":{"line":102,"type":"binary-expr","locations":[{"start":{"line":102,"column":45},"end":{"line":102,"column":79},"skip":true},{"start":{"line":102,"column":83},"end":{"line":111,"column":9},"skip":true}]},"11":{"line":113,"type":"binary-expr","locations":[{"start":{"line":113,"column":42},"end":{"line":113,"column":73},"skip":true},{"start":{"line":113,"column":77},"end":{"line":126,"column":9},"skip":true}]},"12":{"line":128,"type":"binary-expr","locations":[{"start":{"line":128,"column":48},"end":{"line":128,"column":85},"skip":true},{"start":{"line":129,"column":12},"end":{"line":135,"column":13},"skip":true}]},"13":{"line":137,"type":"binary-expr","locations":[{"start":{"line":137,"column":42},"end":{"line":137,"column":73},"skip":true},{"start":{"line":137,"column":77},"end":{"line":146,"column":9},"skip":true}]},"14":{"line":148,"type":"binary-expr","locations":[{"start":{"line":148,"column":45},"end":{"line":148,"column":79},"skip":true},{"start":{"line":148,"column":83},"end":{"line":157,"column":9},"skip":true}]},"15":{"line":159,"type":"binary-expr","locations":[{"start":{"line":159,"column":43},"end":{"line":159,"column":75},"skip":true},{"start":{"line":159,"column":79},"end":{"line":168,"column":9},"skip":true}]},"16":{"line":170,"type":"binary-expr","locations":[{"start":{"line":170,"column":41},"end":{"line":170,"column":71},"skip":true},{"start":{"line":170,"column":75},"end":{"line":179,"column":9},"skip":true}]}},"code":["/* istanbul instrument in package npmtest_docopt */","/*jslint","    bitwise: true,","    browser: true,","    maxerr: 8,","    maxlen: 96,","    node: true,","    nomen: true,","    regexp: true,","    stupid: true","*/","(function () {","    'use strict';","    var local;","","","","    // run shared js-env code - pre-init","    (function () {","        // init local","        local = {};","        // init modeJs","        local.modeJs = (function () {","            try {","                return typeof navigator.userAgent === 'string' &&","                    typeof document.querySelector('body') === 'object' &&","                    typeof XMLHttpRequest.prototype.open === 'function' &&","                    'browser';","            } catch (errorCaughtBrowser) {","                return module.exports &&","                    typeof process.versions.node === 'string' &&","                    typeof require('http').createServer === 'function' &&","                    'node';","            }","        }());","        // init global","        local.global = local.modeJs === 'browser'","            ? window","            : global;","        switch (local.modeJs) {","        // re-init local from window.local","        case 'browser':","            local = local.global.utility2.objectSetDefault(","                local.global.utility2_rollup || local.global.local,","                local.global.utility2","            );","            break;","        // re-init local from example.js","        case 'node':","            local = (local.global.utility2_rollup || require('utility2'))","                .requireExampleJsFromReadme();","            break;","        }","        // export local","        local.global.local = local;","    }());","","","","    // run shared js-env code - function","    (function () {","        return;","    }());","    switch (local.modeJs) {","","","","    // run browser js-env code - function","    case 'browser':","        break;","","","","    // run node js-env code - function","    case 'node':","        break;","    }","","","","    // run shared js-env code - post-init","    (function () {","        return;","    }());","    switch (local.modeJs) {","","","","    // run browser js-env code - post-init","    case 'browser':","        // run tests","        local.nop(local.modeTest &&","            document.querySelector('#testRunButton1') &&","            document.querySelector('#testRunButton1').click());","        break;","","","","    // run node js-env code - post-init","    /* istanbul ignore next */","    case 'node':","        local.testCase_buildApidoc_default = local.testCase_buildApidoc_default || function (","            options,","            onError","        ) {","        /*","         * this function will test buildApidoc's default handling-behavior-behavior","         */","            options = { modulePathList: module.paths };","            local.buildApidoc(options, onError);","        };","","        local.testCase_buildApp_default = local.testCase_buildApp_default || function (","            options,","            onError","        ) {","        /*","         * this function will test buildApp's default handling-behavior-behavior","         */","            local.testCase_buildReadme_default(options, local.onErrorThrow);","            local.testCase_buildLib_default(options, local.onErrorThrow);","            local.testCase_buildTest_default(options, local.onErrorThrow);","            local.testCase_buildCustomOrg_default(options, local.onErrorThrow);","            options = [];","            local.buildApp(options, onError);","        };","","        local.testCase_buildCustomOrg_default = local.testCase_buildCustomOrg_default ||","            function (options, onError) {","            /*","             * this function will test buildCustomOrg's default handling-behavior","             */","                options = {};","                local.buildCustomOrg(options, onError);","            };","","        local.testCase_buildLib_default = local.testCase_buildLib_default || function (","            options,","            onError","        ) {","        /*","         * this function will test buildLib's default handling-behavior","         */","            options = {};","            local.buildLib(options, onError);","        };","","        local.testCase_buildReadme_default = local.testCase_buildReadme_default || function (","            options,","            onError","        ) {","        /*","         * this function will test buildReadme's default handling-behavior-behavior","         */","            options = {};","            local.buildReadme(options, onError);","        };","","        local.testCase_buildTest_default = local.testCase_buildTest_default || function (","            options,","            onError","        ) {","        /*","         * this function will test buildTest's default handling-behavior","         */","            options = {};","            local.buildTest(options, onError);","        };","","        local.testCase_webpage_default = local.testCase_webpage_default || function (","            options,","            onError","        ) {","        /*","         * this function will test webpage's default handling-behavior","         */","            options = { modeCoverageMerge: true, url: local.serverLocalHost + '?modeTest=1' };","            local.browserTest(options, onError);","        };","","        // run test-server","        local.testRunServer(local);","        break;","    }","}());",""],"l":{"12":2,"14":2,"19":2,"21":2,"23":2,"24":2,"25":2,"30":1,"37":2,"40":2,"43":1,"47":1,"50":1,"52":1,"55":2,"61":2,"62":2,"64":2,"70":1,"76":1,"82":2,"83":2,"85":2,"92":1,"95":1,"102":1,"109":1,"110":1,"113":1,"120":1,"121":1,"122":1,"123":1,"124":1,"125":1,"128":1,"133":2,"134":2,"137":1,"144":2,"145":2,"148":1,"155":2,"156":2,"159":1,"166":2,"167":2,"170":1,"177":1,"178":1,"182":1,"183":1}},"/home/travis/build/npmtest/node-npmtest-docopt/lib.npmtest_docopt.js":{"path":"/home/travis/build/npmtest/node-npmtest-docopt/lib.npmtest_docopt.js","s":{"1":2,"2":2,"3":2,"4":2,"5":2,"6":2,"7":2,"8":1,"9":2,"10":2,"11":2,"12":2,"13":1,"14":1,"15":1,"16":1},"b":{"1":[2,1,1,1],"2":[1,1,1,1],"3":[1,1],"4":[2,2],"5":[1,1]},"f":{"1":2,"2":2,"3":2},"fnMap":{"1":{"name":"(anonymous_1)","line":12,"loc":{"start":{"line":12,"column":1},"end":{"line":12,"column":13}}},"2":{"name":"(anonymous_2)","line":19,"loc":{"start":{"line":19,"column":5},"end":{"line":19,"column":17}}},"3":{"name":"(anonymous_3)","line":23,"loc":{"start":{"line":23,"column":24},"end":{"line":23,"column":36}}}},"statementMap":{"1":{"start":{"line":12,"column":0},"end":{"line":53,"column":5}},"2":{"start":{"line":14,"column":4},"end":{"line":14,"column":14}},"3":{"start":{"line":19,"column":4},"end":{"line":52,"column":9}},"4":{"start":{"line":21,"column":8},"end":{"line":21,"column":19}},"5":{"start":{"line":23,"column":8},"end":{"line":35,"column":13}},"6":{"start":{"line":24,"column":12},"end":{"line":34,"column":13}},"7":{"start":{"line":25,"column":16},"end":{"line":28,"column":30}},"8":{"start":{"line":30,"column":16},"end":{"line":33,"column":27}},"9":{"start":{"line":37,"column":8},"end":{"line":39,"column":21}},"10":{"start":{"line":41,"column":8},"end":{"line":41,"column":54}},"11":{"start":{"line":43,"column":8},"end":{"line":43,"column":51}},"12":{"start":{"line":45,"column":8},"end":{"line":51,"column":9}},"13":{"start":{"line":46,"column":12},"end":{"line":46,"column":57}},"14":{"start":{"line":48,"column":12},"end":{"line":48,"column":35}},"15":{"start":{"line":49,"column":12},"end":{"line":49,"column":49}},"16":{"start":{"line":50,"column":12},"end":{"line":50,"column":43}}},"branchMap":{"1":{"line":25,"type":"binary-expr","locations":[{"start":{"line":25,"column":23},"end":{"line":25,"column":62}},{"start":{"line":26,"column":20},"end":{"line":26,"column":70}},{"start":{"line":27,"column":20},"end":{"line":27,"column":71}},{"start":{"line":28,"column":20},"end":{"line":28,"column":29}}]},"2":{"line":30,"type":"binary-expr","locations":[{"start":{"line":30,"column":23},"end":{"line":30,"column":37}},{"start":{"line":31,"column":20},"end":{"line":31,"column":61}},{"start":{"line":32,"column":20},"end":{"line":32,"column":70}},{"start":{"line":33,"column":20},"end":{"line":33,"column":26}}]},"3":{"line":37,"type":"cond-expr","locations":[{"start":{"line":38,"column":14},"end":{"line":38,"column":20}},{"start":{"line":39,"column":14},"end":{"line":39,"column":20}}]},"4":{"line":41,"type":"binary-expr","locations":[{"start":{"line":41,"column":16},"end":{"line":41,"column":44}},{"start":{"line":41,"column":48},"end":{"line":41,"column":53}}]},"5":{"line":45,"type":"if","locations":[{"start":{"line":45,"column":8},"end":{"line":45,"column":8}},{"start":{"line":45,"column":8},"end":{"line":45,"column":8}}]}},"code":["/* istanbul instrument in package npmtest_docopt */","/*jslint","    bitwise: true,","    browser: true,","    maxerr: 8,","    maxlen: 96,","    node: true,","    nomen: true,","    regexp: true,","    stupid: true","*/","(function () {","    'use strict';","    var local;","","","","    // run shared js-env code - pre-init","    (function () {","        // init local","        local = {};","        // init modeJs","        local.modeJs = (function () {","            try {","                return typeof navigator.userAgent === 'string' &&","                    typeof document.querySelector('body') === 'object' &&","                    typeof XMLHttpRequest.prototype.open === 'function' &&","                    'browser';","            } catch (errorCaughtBrowser) {","                return module.exports &&","                    typeof process.versions.node === 'string' &&","                    typeof require('http').createServer === 'function' &&","                    'node';","            }","        }());","        // init global","        local.global = local.modeJs === 'browser'","            ? window","            : global;","        // init utility2_rollup","        local = local.global.utility2_rollup || local;","        // init lib","        local.local = local.npmtest_docopt = local;","        // init exports","        if (local.modeJs === 'browser') {","            local.global.utility2_npmtest_docopt = local;","        } else {","            module.exports = local;","            module.exports.__dirname = __dirname;","            module.exports.module = module;","        }","    }());","}());",""],"l":{"12":2,"14":2,"19":2,"21":2,"23":2,"24":2,"25":2,"30":1,"37":2,"41":2,"43":2,"45":2,"46":1,"48":1,"49":1,"50":1}},"/home/travis/build/npmtest/node-npmtest-docopt/example.js":{"path":"/home/travis/build/npmtest/node-npmtest-docopt/example.js","s":{"1":2,"2":2,"3":2,"4":2,"5":2,"6":2,"7":2,"8":1,"9":2,"10":2,"11":2,"12":2,"13":1,"14":2,"15":2,"16":2,"17":2,"18":2,"19":0,"20":2,"21":1,"22":1,"23":1,"24":1,"25":1,"26":0,"27":0,"28":1,"29":1,"30":2,"31":0,"32":0,"33":0,"34":1,"35":2,"36":2,"37":2,"38":2,"39":2,"40":2,"41":0,"42":2,"43":2,"44":2,"45":1,"46":3,"47":1,"48":1,"49":1,"50":1,"51":1,"52":1,"53":1,"54":1,"55":1,"56":1,"57":0,"58":1,"59":6,"60":6,"61":1,"62":2,"63":0,"64":2,"65":1,"66":1,"67":0,"68":0,"69":0,"70":0,"71":0,"72":0,"73":0,"74":0,"75":0,"76":0,"77":0,"78":0,"79":0,"80":0,"81":0,"82":0,"83":0},"b":{"1":[2,1,1,1],"2":[1,1,1,1],"3":[1,1],"4":[2,2],"5":[1,1],"6":[1,1],"7":[2,0],"8":[2,1,1,1,1,1],"9":[0,2,0],"10":[1,1],"11":[2,1,1],"12":[1,0],"13":[0,2],"14":[2,0,0,0,0,0,0],"15":[0,2],"16":[2,0],"17":[1,1],"18":[0,1],"19":[1,2,0,2],"20":[1,0],"21":[1,1],"22":[0,0],"23":[0,0],"24":[0,0],"25":[0,0],"26":[0,0],"27":[0,0],"28":[0,0]},"f":{"1":2,"2":2,"3":2,"4":2,"5":2,"6":2,"7":2,"8":2,"9":3,"10":1,"11":6,"12":0},"fnMap":{"1":{"name":"(anonymous_1)","line":26,"loc":{"start":{"line":26,"column":1},"end":{"line":26,"column":13}}},"2":{"name":"(anonymous_2)","line":33,"loc":{"start":{"line":33,"column":5},"end":{"line":33,"column":17}}},"3":{"name":"(anonymous_3)","line":37,"loc":{"start":{"line":37,"column":24},"end":{"line":37,"column":36}}},"4":{"name":"(anonymous_4)","line":69,"loc":{"start":{"line":69,"column":31},"end":{"line":69,"column":48}},"skip":true},"5":{"name":"(anonymous_5)","line":78,"loc":{"start":{"line":78,"column":26},"end":{"line":78,"column":45}},"skip":true},"6":{"name":"(anonymous_6)","line":123,"loc":{"start":{"line":123,"column":33},"end":{"line":123,"column":48}},"skip":true},"7":{"name":"(anonymous_7)","line":125,"loc":{"start":{"line":125,"column":27},"end":{"line":125,"column":39}},"skip":true},"8":{"name":"(anonymous_8)","line":133,"loc":{"start":{"line":133,"column":59},"end":{"line":133,"column":74}},"skip":true},"9":{"name":"(anonymous_9)","line":143,"loc":{"start":{"line":143,"column":45},"end":{"line":143,"column":62}},"skip":true},"10":{"name":"(anonymous_10)","line":144,"loc":{"start":{"line":144,"column":73},"end":{"line":144,"column":92}},"skip":true},"11":{"name":"(anonymous_11)","line":272,"loc":{"start":{"line":272,"column":51},"end":{"line":272,"column":77}},"skip":true},"12":{"name":"(anonymous_12)","line":314,"loc":{"start":{"line":314,"column":32},"end":{"line":314,"column":61}},"skip":true}},"statementMap":{"1":{"start":{"line":26,"column":0},"end":{"line":325,"column":5}},"2":{"start":{"line":28,"column":4},"end":{"line":28,"column":14}},"3":{"start":{"line":33,"column":4},"end":{"line":60,"column":9}},"4":{"start":{"line":35,"column":8},"end":{"line":35,"column":19}},"5":{"start":{"line":37,"column":8},"end":{"line":49,"column":13}},"6":{"start":{"line":38,"column":12},"end":{"line":48,"column":13}},"7":{"start":{"line":39,"column":16},"end":{"line":42,"column":30}},"8":{"start":{"line":44,"column":16},"end":{"line":47,"column":27}},"9":{"start":{"line":51,"column":8},"end":{"line":53,"column":21}},"10":{"start":{"line":55,"column":8},"end":{"line":57,"column":45}},"11":{"start":{"line":59,"column":8},"end":{"line":59,"column":35}},"12":{"start":{"line":61,"column":4},"end":{"line":324,"column":5}},"13":{"start":{"line":69,"column":8},"end":{"line":121,"column":10},"skip":true},"14":{"start":{"line":70,"column":12},"end":{"line":88,"column":13},"skip":true},"15":{"start":{"line":76,"column":16},"end":{"line":87,"column":19},"skip":true},"16":{"start":{"line":79,"column":20},"end":{"line":86,"column":21},"skip":true},"17":{"start":{"line":82,"column":24},"end":{"line":82,"column":43},"skip":true},"18":{"start":{"line":83,"column":24},"end":{"line":83,"column":30},"skip":true},"19":{"start":{"line":85,"column":24},"end":{"line":85,"column":49},"skip":true},"20":{"start":{"line":89,"column":12},"end":{"line":107,"column":13},"skip":true},"21":{"start":{"line":92,"column":16},"end":{"line":102,"column":17},"skip":true},"22":{"start":{"line":93,"column":20},"end":{"line":93,"column":86},"skip":true},"23":{"start":{"line":94,"column":20},"end":{"line":95,"column":45},"skip":true},"24":{"start":{"line":96,"column":20},"end":{"line":96,"column":42},"skip":true},"25":{"start":{"line":97,"column":20},"end":{"line":97,"column":48},"skip":true},"26":{"start":{"line":100,"column":20},"end":{"line":100,"column":85},"skip":true},"27":{"start":{"line":101,"column":20},"end":{"line":101,"column":96},"skip":true},"28":{"start":{"line":103,"column":16},"end":{"line":103,"column":22},"skip":true},"29":{"start":{"line":106,"column":16},"end":{"line":106,"column":22},"skip":true},"30":{"start":{"line":108,"column":12},"end":{"line":120,"column":13},"skip":true},"31":{"start":{"line":114,"column":16},"end":{"line":119,"column":17},"skip":true},"32":{"start":{"line":116,"column":20},"end":{"line":116,"column":78},"skip":true},"33":{"start":{"line":118,"column":20},"end":{"line":118,"column":47},"skip":true},"34":{"start":{"line":123,"column":8},"end":{"line":141,"column":11},"skip":true},"35":{"start":{"line":124,"column":12},"end":{"line":124,"column":54},"skip":true},"36":{"start":{"line":125,"column":12},"end":{"line":140,"column":14},"skip":true},"37":{"start":{"line":126,"column":16},"end":{"line":126,"column":28},"skip":true},"38":{"start":{"line":127,"column":16},"end":{"line":127,"column":69},"skip":true},"39":{"start":{"line":128,"column":16},"end":{"line":128,"column":75},"skip":true},"40":{"start":{"line":129,"column":16},"end":{"line":131,"column":17},"skip":true},"41":{"start":{"line":130,"column":20},"end":{"line":130,"column":27},"skip":true},"42":{"start":{"line":133,"column":16},"end":{"line":137,"column":36},"skip":true},"43":{"start":{"line":134,"column":20},"end":{"line":136,"column":55},"skip":true},"44":{"start":{"line":139,"column":16},"end":{"line":139,"column":57},"skip":true},"45":{"start":{"line":143,"column":8},"end":{"line":147,"column":11},"skip":true},"46":{"start":{"line":144,"column":12},"end":{"line":146,"column":15},"skip":true},"47":{"start":{"line":145,"column":16},"end":{"line":145,"column":70},"skip":true},"48":{"start":{"line":149,"column":8},"end":{"line":149,"column":31},"skip":true},"49":{"start":{"line":150,"column":8},"end":{"line":150,"column":14},"skip":true},"50":{"start":{"line":158,"column":8},"end":{"line":158,"column":31},"skip":true},"51":{"start":{"line":160,"column":8},"end":{"line":160,"column":33},"skip":true},"52":{"start":{"line":161,"column":8},"end":{"line":161,"column":37},"skip":true},"53":{"start":{"line":162,"column":8},"end":{"line":162,"column":35},"skip":true},"54":{"start":{"line":164,"column":8},"end":{"line":164,"column":50},"skip":true},"55":{"start":{"line":166,"column":8},"end":{"line":256,"column":2},"skip":true},"56":{"start":{"line":258,"column":8},"end":{"line":286,"column":9},"skip":true},"57":{"start":{"line":259,"column":12},"end":{"line":269,"column":14},"skip":true},"58":{"start":{"line":271,"column":12},"end":{"line":285,"column":19},"skip":true},"59":{"start":{"line":274,"column":20},"end":{"line":274,"column":35},"skip":true},"60":{"start":{"line":275,"column":20},"end":{"line":284,"column":21},"skip":true},"61":{"start":{"line":277,"column":24},"end":{"line":277,"column":64},"skip":true},"62":{"start":{"line":279,"column":24},"end":{"line":279,"column":40},"skip":true},"63":{"start":{"line":281,"column":24},"end":{"line":281,"column":40},"skip":true},"64":{"start":{"line":283,"column":24},"end":{"line":283,"column":39},"skip":true},"65":{"start":{"line":288,"column":8},"end":{"line":290,"column":9},"skip":true},"66":{"start":{"line":289,"column":12},"end":{"line":289,"column":18},"skip":true},"67":{"start":{"line":291,"column":8},"end":{"line":293,"column":54},"skip":true},"68":{"start":{"line":294,"column":8},"end":{"line":301,"column":37},"skip":true},"69":{"start":{"line":302,"column":8},"end":{"line":302,"column":82},"skip":true},"70":{"start":{"line":305,"column":8},"end":{"line":307,"column":9},"skip":true},"71":{"start":{"line":306,"column":12},"end":{"line":306,"column":82},"skip":true},"72":{"start":{"line":309,"column":8},"end":{"line":311,"column":9},"skip":true},"73":{"start":{"line":310,"column":12},"end":{"line":310,"column":18},"skip":true},"74":{"start":{"line":312,"column":8},"end":{"line":312,"column":54},"skip":true},"75":{"start":{"line":313,"column":8},"end":{"line":313,"column":69},"skip":true},"76":{"start":{"line":314,"column":8},"end":{"line":322,"column":36},"skip":true},"77":{"start":{"line":315,"column":12},"end":{"line":315,"column":61},"skip":true},"78":{"start":{"line":316,"column":12},"end":{"line":319,"column":13},"skip":true},"79":{"start":{"line":317,"column":16},"end":{"line":317,"column":75},"skip":true},"80":{"start":{"line":318,"column":16},"end":{"line":318,"column":23},"skip":true},"81":{"start":{"line":320,"column":12},"end":{"line":320,"column":38},"skip":true},"82":{"start":{"line":321,"column":12},"end":{"line":321,"column":27},"skip":true},"83":{"start":{"line":323,"column":8},"end":{"line":323,"column":14},"skip":true}},"branchMap":{"1":{"line":39,"type":"binary-expr","locations":[{"start":{"line":39,"column":23},"end":{"line":39,"column":62}},{"start":{"line":40,"column":20},"end":{"line":40,"column":70}},{"start":{"line":41,"column":20},"end":{"line":41,"column":71}},{"start":{"line":42,"column":20},"end":{"line":42,"column":29}}]},"2":{"line":44,"type":"binary-expr","locations":[{"start":{"line":44,"column":23},"end":{"line":44,"column":37}},{"start":{"line":45,"column":20},"end":{"line":45,"column":61}},{"start":{"line":46,"column":20},"end":{"line":46,"column":70}},{"start":{"line":47,"column":20},"end":{"line":47,"column":26}}]},"3":{"line":51,"type":"cond-expr","locations":[{"start":{"line":52,"column":14},"end":{"line":52,"column":20}},{"start":{"line":53,"column":14},"end":{"line":53,"column":20}}]},"4":{"line":55,"type":"binary-expr","locations":[{"start":{"line":55,"column":16},"end":{"line":55,"column":44}},{"start":{"line":55,"column":49},"end":{"line":57,"column":43}}]},"5":{"line":55,"type":"cond-expr","locations":[{"start":{"line":56,"column":14},"end":{"line":56,"column":50}},{"start":{"line":57,"column":14},"end":{"line":57,"column":43}}]},"6":{"line":61,"type":"switch","locations":[{"start":{"line":68,"column":4},"end":{"line":150,"column":14},"skip":true},{"start":{"line":156,"column":4},"end":{"line":323,"column":14},"skip":true}]},"7":{"line":70,"type":"if","locations":[{"start":{"line":70,"column":12},"end":{"line":70,"column":12},"skip":true},{"start":{"line":70,"column":12},"end":{"line":70,"column":12},"skip":true}]},"8":{"line":70,"type":"binary-expr","locations":[{"start":{"line":70,"column":16},"end":{"line":70,"column":22},"skip":true},{"start":{"line":70,"column":27},"end":{"line":70,"column":32},"skip":true},{"start":{"line":71,"column":20},"end":{"line":71,"column":39},"skip":true},{"start":{"line":72,"column":20},"end":{"line":72,"column":49},"skip":true},{"start":{"line":73,"column":20},"end":{"line":73,"column":58},"skip":true},{"start":{"line":74,"column":20},"end":{"line":74,"column":69},"skip":true}]},"9":{"line":79,"type":"switch","locations":[{"start":{"line":80,"column":20},"end":{"line":80,"column":33},"skip":true},{"start":{"line":81,"column":20},"end":{"line":83,"column":30},"skip":true},{"start":{"line":84,"column":20},"end":{"line":85,"column":49},"skip":true}]},"10":{"line":89,"type":"switch","locations":[{"start":{"line":90,"column":12},"end":{"line":103,"column":22},"skip":true},{"start":{"line":105,"column":12},"end":{"line":106,"column":22},"skip":true}]},"11":{"line":89,"type":"binary-expr","locations":[{"start":{"line":89,"column":20},"end":{"line":89,"column":25},"skip":true},{"start":{"line":89,"column":29},"end":{"line":89,"column":48},"skip":true},{"start":{"line":89,"column":52},"end":{"line":89,"column":74},"skip":true}]},"12":{"line":92,"type":"if","locations":[{"start":{"line":92,"column":16},"end":{"line":92,"column":16},"skip":true},{"start":{"line":92,"column":16},"end":{"line":92,"column":16},"skip":true}]},"13":{"line":108,"type":"if","locations":[{"start":{"line":108,"column":12},"end":{"line":108,"column":12},"skip":true},{"start":{"line":108,"column":12},"end":{"line":108,"column":12},"skip":true}]},"14":{"line":108,"type":"binary-expr","locations":[{"start":{"line":108,"column":16},"end":{"line":108,"column":61},"skip":true},{"start":{"line":108,"column":66},"end":{"line":108,"column":72},"skip":true},{"start":{"line":108,"column":77},"end":{"line":108,"column":82},"skip":true},{"start":{"line":109,"column":20},"end":{"line":109,"column":39},"skip":true},{"start":{"line":110,"column":20},"end":{"line":110,"column":49},"skip":true},{"start":{"line":111,"column":20},"end":{"line":111,"column":58},"skip":true},{"start":{"line":112,"column":20},"end":{"line":112,"column":68},"skip":true}]},"15":{"line":129,"type":"if","locations":[{"start":{"line":129,"column":16},"end":{"line":129,"column":16},"skip":true},{"start":{"line":129,"column":16},"end":{"line":129,"column":16},"skip":true}]},"16":{"line":134,"type":"cond-expr","locations":[{"start":{"line":135,"column":26},"end":{"line":135,"column":29},"skip":true},{"start":{"line":136,"column":26},"end":{"line":136,"column":54},"skip":true}]},"17":{"line":164,"type":"binary-expr","locations":[{"start":{"line":164,"column":27},"end":{"line":164,"column":43},"skip":true},{"start":{"line":164,"column":47},"end":{"line":164,"column":49},"skip":true}]},"18":{"line":258,"type":"if","locations":[{"start":{"line":258,"column":8},"end":{"line":258,"column":8},"skip":true},{"start":{"line":258,"column":8},"end":{"line":258,"column":8},"skip":true}]},"19":{"line":275,"type":"switch","locations":[{"start":{"line":276,"column":20},"end":{"line":277,"column":64},"skip":true},{"start":{"line":278,"column":20},"end":{"line":279,"column":40},"skip":true},{"start":{"line":280,"column":20},"end":{"line":281,"column":40},"skip":true},{"start":{"line":282,"column":20},"end":{"line":283,"column":39},"skip":true}]},"20":{"line":288,"type":"if","locations":[{"start":{"line":288,"column":8},"end":{"line":288,"column":8},"skip":true},{"start":{"line":288,"column":8},"end":{"line":288,"column":8},"skip":true}]},"21":{"line":288,"type":"binary-expr","locations":[{"start":{"line":288,"column":12},"end":{"line":288,"column":40},"skip":true},{"start":{"line":288,"column":44},"end":{"line":288,"column":67},"skip":true}]},"22":{"line":292,"type":"binary-expr","locations":[{"start":{"line":292,"column":12},"end":{"line":292,"column":50},"skip":true},{"start":{"line":293,"column":12},"end":{"line":293,"column":53},"skip":true}]},"23":{"line":295,"type":"binary-expr","locations":[{"start":{"line":295,"column":12},"end":{"line":295,"column":64},"skip":true},{"start":{"line":296,"column":12},"end":{"line":301,"column":36},"skip":true}]},"24":{"line":302,"type":"binary-expr","locations":[{"start":{"line":302,"column":43},"end":{"line":302,"column":75},"skip":true},{"start":{"line":302,"column":79},"end":{"line":302,"column":81},"skip":true}]},"25":{"line":305,"type":"if","locations":[{"start":{"line":305,"column":8},"end":{"line":305,"column":8},"skip":true},{"start":{"line":305,"column":8},"end":{"line":305,"column":8},"skip":true}]},"26":{"line":309,"type":"if","locations":[{"start":{"line":309,"column":8},"end":{"line":309,"column":8},"skip":true},{"start":{"line":309,"column":8},"end":{"line":309,"column":8},"skip":true}]},"27":{"line":312,"type":"binary-expr","locations":[{"start":{"line":312,"column":27},"end":{"line":312,"column":43},"skip":true},{"start":{"line":312,"column":47},"end":{"line":312,"column":53},"skip":true}]},"28":{"line":316,"type":"if","locations":[{"start":{"line":316,"column":12},"end":{"line":316,"column":12},"skip":true},{"start":{"line":316,"column":12},"end":{"line":316,"column":12},"skip":true}]}},"code":["/*","example.js","","quickstart example","","instruction","    1. save this script as example.js","    2. run the shell command:","        $ npm install npmtest-docopt && PORT=8081 node example.js","    3. play with the browser-demo on http://127.0.0.1:8081","*/","","","","/* istanbul instrument in package npmtest_docopt */","/*jslint","    bitwise: true,","    browser: true,","    maxerr: 8,","    maxlen: 96,","    node: true,","    nomen: true,","    regexp: true,","    stupid: true","*/","(function () {","    'use strict';","    var local;","","","","    // run shared js-env code - pre-init","    (function () {","        // init local","        local = {};","        // init modeJs","        local.modeJs = (function () {","            try {","                return typeof navigator.userAgent === 'string' &&","                    typeof document.querySelector('body') === 'object' &&","                    typeof XMLHttpRequest.prototype.open === 'function' &&","                    'browser';","            } catch (errorCaughtBrowser) {","                return module.exports &&","                    typeof process.versions.node === 'string' &&","                    typeof require('http').createServer === 'function' &&","                    'node';","            }","        }());","        // init global","        local.global = local.modeJs === 'browser'","            ? window","            : global;","        // init utility2_rollup","        local = local.global.utility2_rollup || (local.modeJs === 'browser'","            ? local.global.utility2_npmtest_docopt","            : global.utility2_moduleExports);","        // export local","        local.global.local = local;","    }());","    switch (local.modeJs) {","","","","    // post-init","    // run browser js-env code - post-init","    /* istanbul ignore next */","    case 'browser':","        local.testRunBrowser = function (event) {","            if (!event || (event &&","                    event.currentTarget &&","                    event.currentTarget.className &&","                    event.currentTarget.className.includes &&","                    event.currentTarget.className.includes('onreset'))) {","                // reset output","                Array.from(","                    document.querySelectorAll('body > .resettable')","                ).forEach(function (element) {","                    switch (element.tagName) {","                    case 'INPUT':","                    case 'TEXTAREA':","                        element.value = '';","                        break;","                    default:","                        element.textContent = '';","                    }","                });","            }","            switch (event && event.currentTarget && event.currentTarget.id) {","            case 'testRunButton1':","                // show tests","                if (document.querySelector('#testReportDiv1').style.display === 'none') {","                    document.querySelector('#testReportDiv1').style.display = 'block';","                    document.querySelector('#testRunButton1').textContent =","                        'hide internal test';","                    local.modeTest = true;","                    local.testRunDefault(local);","                // hide tests","                } else {","                    document.querySelector('#testReportDiv1').style.display = 'none';","                    document.querySelector('#testRunButton1').textContent = 'run internal test';","                }","                break;","            // custom-case","            default:","                break;","            }","            if (document.querySelector('#inputTextareaEval1') && (!event || (event &&","                    event.currentTarget &&","                    event.currentTarget.className &&","                    event.currentTarget.className.includes &&","                    event.currentTarget.className.includes('oneval')))) {","                // try to eval input-code","                try {","                    /*jslint evil: true*/","                    eval(document.querySelector('#inputTextareaEval1').value);","                } catch (errorCaught) {","                    console.error(errorCaught);","                }","            }","        };","        // log stderr and stdout to #outputTextareaStdout1","        ['error', 'log'].forEach(function (key) {","            console[key + '_original'] = console[key];","            console[key] = function () {","                var element;","                console[key + '_original'].apply(console, arguments);","                element = document.querySelector('#outputTextareaStdout1');","                if (!element) {","                    return;","                }","                // append text to #outputTextareaStdout1","                element.value += Array.from(arguments).map(function (arg) {","                    return typeof arg === 'string'","                        ? arg","                        : JSON.stringify(arg, null, 4);","                }).join(' ') + '\\n';","                // scroll textarea to bottom","                element.scrollTop = element.scrollHeight;","            };","        });","        // init event-handling","        ['change', 'click', 'keyup'].forEach(function (event) {","            Array.from(document.querySelectorAll('.on' + event)).forEach(function (element) {","                element.addEventListener(event, local.testRunBrowser);","            });","        });","        // run tests","        local.testRunBrowser();","        break;","","","","    // run node js-env code - post-init","    /* istanbul ignore next */","    case 'node':","        // export local","        module.exports = local;","        // require modules","        local.fs = require('fs');","        local.http = require('http');","        local.url = require('url');","        // init assets","        local.assetsDict = local.assetsDict || {};","        /* jslint-ignore-begin */","        local.assetsDict['/assets.index.template.html'] = '\\","<!doctype html>\\n\\","<html lang=\"en\">\\n\\","<head>\\n\\","<meta charset=\"UTF-8\">\\n\\","<meta name=\"viewport\" content=\"width=device-width, initial-scale=1\">\\n\\","<title>{{env.npm_package_name}} (v{{env.npm_package_version}})</title>\\n\\","<style>\\n\\","/*csslint\\n\\","    box-sizing: false,\\n\\","    universal-selector: false\\n\\","*/\\n\\","* {\\n\\","    box-sizing: border-box;\\n\\","}\\n\\","body {\\n\\","    background: #dde;\\n\\","    font-family: Arial, Helvetica, sans-serif;\\n\\","    margin: 2rem;\\n\\","}\\n\\","body > * {\\n\\","    margin-bottom: 1rem;\\n\\","}\\n\\",".utility2FooterDiv {\\n\\","    margin-top: 20px;\\n\\","    text-align: center;\\n\\","}\\n\\","</style>\\n\\","<style>\\n\\","/*csslint\\n\\","*/\\n\\","textarea {\\n\\","    font-family: monospace;\\n\\","    height: 10rem;\\n\\","    width: 100%;\\n\\","}\\n\\","textarea[readonly] {\\n\\","    background: #ddd;\\n\\","}\\n\\","</style>\\n\\","</head>\\n\\","<body>\\n\\","<!-- utility2-comment\\n\\","<div id=\"ajaxProgressDiv1\" style=\"background: #d00; height: 2px; left: 0; margin: 0; padding: 0; position: fixed; top: 0; transition: background 0.5s, width 1.5s; width: 25%;\"></div>\\n\\","utility2-comment -->\\n\\","<h1>\\n\\","<!-- utility2-comment\\n\\","    <a\\n\\","        {{#if env.npm_package_homepage}}\\n\\","        href=\"{{env.npm_package_homepage}}\"\\n\\","        {{/if env.npm_package_homepage}}\\n\\","        target=\"_blank\"\\n\\","    >\\n\\","utility2-comment -->\\n\\","        {{env.npm_package_name}} (v{{env.npm_package_version}})\\n\\","<!-- utility2-comment\\n\\","    </a>\\n\\","utility2-comment -->\\n\\","</h1>\\n\\","<h3>{{env.npm_package_description}}</h3>\\n\\","<!-- utility2-comment\\n\\","<h4><a download href=\"assets.app.js\">download standalone app</a></h4>\\n\\","<button class=\"onclick onreset\" id=\"testRunButton1\">run internal test</button><br>\\n\\","<div id=\"testReportDiv1\" style=\"display: none;\"></div>\\n\\","utility2-comment -->\\n\\","\\n\\","\\n\\","\\n\\","<label>stderr and stdout</label>\\n\\","<textarea class=\"resettable\" id=\"outputTextareaStdout1\" readonly></textarea>\\n\\","<!-- utility2-comment\\n\\","{{#if isRollup}}\\n\\","<script src=\"assets.app.js\"></script>\\n\\","{{#unless isRollup}}\\n\\","utility2-comment -->\\n\\","<script src=\"assets.utility2.rollup.js\"></script>\\n\\","<script src=\"jsonp.utility2._stateInit?callback=window.utility2._stateInit\"></script>\\n\\","<script src=\"assets.npmtest_docopt.rollup.js\"></script>\\n\\","<script src=\"assets.example.js\"></script>\\n\\","<script src=\"assets.test.js\"></script>\\n\\","<!-- utility2-comment\\n\\","{{/if isRollup}}\\n\\","utility2-comment -->\\n\\","<div class=\"utility2FooterDiv\">\\n\\","    [ this app was created with\\n\\","    <a href=\"https://github.com/kaizhu256/node-utility2\" target=\"_blank\">utility2</a>\\n\\","    ]\\n\\","</div>\\n\\","</body>\\n\\","</html>\\n\\","';","        /* jslint-ignore-end */","        if (local.templateRender) {","            local.assetsDict['/'] = local.templateRender(","                local.assetsDict['/assets.index.template.html'],","                {","                    env: local.objectSetDefault(local.env, {","                        npm_package_description: 'the greatest app in the world!',","                        npm_package_name: 'my-app',","                        npm_package_nameAlias: 'my_app',","                        npm_package_version: '0.0.1'","                    })","                }","            );","        } else {","            local.assetsDict['/'] = local.assetsDict['/assets.index.template.html']","                .replace((/\\{\\{env\\.(\\w+?)\\}\\}/g), function (match0, match1) {","                    // jslint-hack","                    String(match0);","                    switch (match1) {","                    case 'npm_package_description':","                        return 'the greatest app in the world!';","                    case 'npm_package_name':","                        return 'my-app';","                    case 'npm_package_nameAlias':","                        return 'my_app';","                    case 'npm_package_version':","                        return '0.0.1';","                    }","                });","        }","        // run the cli","        if (local.global.utility2_rollup || module !== require.main) {","            break;","        }","        local.assetsDict['/assets.example.js'] =","            local.assetsDict['/assets.example.js'] ||","            local.fs.readFileSync(__filename, 'utf8');","        local.assetsDict['/assets.npmtest_docopt.rollup.js'] =","            local.assetsDict['/assets.npmtest_docopt.rollup.js'] ||","            local.fs.readFileSync(","                // buildCustomOrg-hack","                local.npmtest_docopt.__dirname +","                    '/lib.npmtest_docopt.js',","                'utf8'","            ).replace((/^#!/), '//');","        local.assetsDict['/favicon.ico'] = local.assetsDict['/favicon.ico'] || '';","        // if $npm_config_timeout_exit exists,","        // then exit this process after $npm_config_timeout_exit ms","        if (Number(process.env.npm_config_timeout_exit)) {","            setTimeout(process.exit, Number(process.env.npm_config_timeout_exit));","        }","        // start server","        if (local.global.utility2_serverHttp1) {","            break;","        }","        process.env.PORT = process.env.PORT || '8081';","        console.error('server starting on port ' + process.env.PORT);","        local.http.createServer(function (request, response) {","            request.urlParsed = local.url.parse(request.url);","            if (local.assetsDict[request.urlParsed.pathname] !== undefined) {","                response.end(local.assetsDict[request.urlParsed.pathname]);","                return;","            }","            response.statusCode = 404;","            response.end();","        }).listen(process.env.PORT);","        break;","    }","}());",""],"l":{"26":2,"28":2,"33":2,"35":2,"37":2,"38":2,"39":2,"44":1,"51":2,"55":2,"59":2,"61":2,"69":1,"70":2,"76":2,"79":2,"82":2,"83":2,"85":1,"89":2,"92":1,"93":1,"94":1,"96":1,"97":1,"100":1,"101":1,"103":1,"106":1,"108":2,"114":1,"116":1,"118":1,"123":1,"124":2,"125":2,"126":2,"127":2,"128":2,"129":2,"130":1,"133":2,"134":2,"139":2,"143":1,"144":3,"145":1,"149":1,"150":1,"158":1,"160":1,"161":1,"162":1,"164":1,"166":1,"258":1,"259":1,"271":1,"274":6,"275":6,"277":1,"279":2,"281":1,"283":2,"288":1,"289":1,"291":1,"294":1,"302":1,"305":1,"306":1,"309":1,"310":1,"312":1,"313":1,"314":1,"315":1,"316":1,"317":1,"318":1,"320":1,"321":1,"323":1}},"/home/travis/build/npmtest/node-npmtest-docopt/node_modules/docopt/docopt.js":{"path":"/home/travis/build/npmtest/node-npmtest-docopt/node_modules/docopt/docopt.js","s":{"1":1,"2":1,"3":0,"4":0,"5":0,"6":0,"7":15,"8":15,"9":15,"10":1,"11":15,"12":15,"13":15,"14":15,"15":15,"16":1,"17":0,"18":1,"19":0,"20":0,"21":0,"22":0,"23":0,"24":0,"25":0,"26":1,"27":0,"28":1,"29":0,"30":0,"31":0,"32":0,"33":0,"34":0,"35":0,"36":0,"37":0,"38":0,"39":0,"40":0,"41":0,"42":0,"43":0,"44":0,"45":0,"46":0,"47":0,"48":0,"49":1,"50":0,"51":0,"52":0,"53":0,"54":0,"55":0,"56":1,"57":264,"58":264,"59":1,"60":0,"61":0,"62":0,"63":0,"64":0,"65":0,"66":0,"67":1,"68":0,"69":0,"70":1,"71":0,"72":1,"73":0,"74":1,"75":1,"76":1,"77":0,"78":0,"79":1,"80":1,"81":1,"82":1,"83":0,"84":0,"85":1,"86":1,"87":1,"88":1,"89":0,"90":1,"91":0,"92":0,"93":0,"94":1,"95":0,"96":0,"97":0,"98":0,"99":0,"100":0,"101":0,"102":0,"103":0,"104":0,"105":0,"106":0,"107":0,"108":0,"109":0,"110":0,"111":0,"112":0,"113":0,"114":1,"115":0,"116":0,"117":0,"118":0,"119":0,"120":0,"121":0,"122":0,"123":0,"124":0,"125":0,"126":0,"127":0,"128":0,"129":0,"130":0,"131":0,"132":0,"133":0,"134":0,"135":0,"136":0,"137":0,"138":0,"139":0,"140":0,"141":0,"142":0,"143":0,"144":0,"145":0,"146":0,"147":0,"148":0,"149":1,"150":1,"151":0,"152":0,"153":0,"154":0,"155":0,"156":0,"157":0,"158":0,"159":0,"160":0,"161":0,"162":0,"163":0,"164":0,"165":0,"166":0,"167":0,"168":0,"169":0,"170":0,"171":0,"172":0,"173":0,"174":0,"175":0,"176":0,"177":0,"178":0,"179":0,"180":0,"181":0,"182":0,"183":0,"184":0,"185":0,"186":0,"187":0,"188":0,"189":0,"190":0,"191":0,"192":0,"193":1,"194":1,"195":1,"196":1,"197":0,"198":0,"199":1,"200":0,"201":1,"202":0,"203":0,"204":0,"205":0,"206":0,"207":0,"208":0,"209":1,"210":0,"211":0,"212":0,"213":0,"214":0,"215":0,"216":0,"217":0,"218":0,"219":0,"220":0,"221":0,"222":0,"223":0,"224":0,"225":0,"226":0,"227":0,"228":0,"229":0,"230":0,"231":0,"232":0,"233":0,"234":0,"235":0,"236":0,"237":0,"238":0,"239":1,"240":1,"241":1,"242":1,"243":1,"244":0,"245":1,"246":0,"247":0,"248":0,"249":0,"250":0,"251":0,"252":0,"253":0,"254":0,"255":1,"256":0,"257":0,"258":0,"259":0,"260":0,"261":0,"262":0,"263":0,"264":0,"265":0,"266":0,"267":0,"268":0,"269":0,"270":0,"271":0,"272":1,"273":1,"274":1,"275":1,"276":0,"277":1,"278":0,"279":0,"280":0,"281":0,"282":0,"283":0,"284":0,"285":1,"286":0,"287":0,"288":0,"289":0,"290":1,"291":1,"292":1,"293":1,"294":0,"295":0,"296":1,"297":0,"298":0,"299":0,"300":0,"301":0,"302":0,"303":0,"304":0,"305":0,"306":1,"307":1,"308":1,"309":1,"310":0,"311":0,"312":0,"313":0,"314":0,"315":0,"316":0,"317":0,"318":0,"319":1,"320":0,"321":1,"322":0,"323":0,"324":0,"325":0,"326":0,"327":0,"328":0,"329":0,"330":0,"331":0,"332":0,"333":0,"334":0,"335":0,"336":0,"337":0,"338":1,"339":0,"340":0,"341":0,"342":0,"343":0,"344":0,"345":0,"346":1,"347":1,"348":1,"349":1,"350":0,"351":1,"352":0,"353":0,"354":0,"355":0,"356":0,"357":0,"358":0,"359":0,"360":0,"361":0,"362":0,"363":0,"364":0,"365":0,"366":1,"367":1,"368":1,"369":1,"370":0,"371":1,"372":0,"373":0,"374":0,"375":0,"376":0,"377":0,"378":0,"379":0,"380":0,"381":0,"382":1,"383":1,"384":1,"385":1,"386":1,"387":0,"388":1,"389":1,"390":1,"391":1,"392":0,"393":1,"394":0,"395":0,"396":0,"397":0,"398":0,"399":0,"400":0,"401":0,"402":0,"403":0,"404":0,"405":0,"406":0,"407":0,"408":0,"409":0,"410":0,"411":0,"412":0,"413":0,"414":1,"415":1,"416":1,"417":1,"418":0,"419":1,"420":0,"421":0,"422":0,"423":0,"424":0,"425":0,"426":0,"427":0,"428":0,"429":0,"430":0,"431":0,"432":0,"433":0,"434":0,"435":0,"436":0,"437":0,"438":0,"439":0,"440":0,"441":1,"442":1,"443":1,"444":1,"445":0,"446":0,"447":0,"448":0,"449":1,"450":0,"451":0,"452":0,"453":1,"454":0,"455":0,"456":0,"457":1,"458":0,"459":0,"460":0,"461":0,"462":0,"463":0,"464":0,"465":0,"466":0,"467":0,"468":0,"469":0,"470":1,"471":1,"472":0,"473":0,"474":0,"475":0,"476":0,"477":0,"478":0,"479":0,"480":0,"481":0,"482":0,"483":1,"484":0,"485":0,"486":0,"487":0,"488":0,"489":0,"490":0,"491":0,"492":0,"493":0,"494":0,"495":0,"496":0,"497":0,"498":0,"499":0,"500":0,"501":0,"502":0,"503":0,"504":0,"505":0,"506":0,"507":0,"508":0,"509":0,"510":0,"511":0,"512":0,"513":0,"514":0,"515":0,"516":0,"517":0,"518":0,"519":0,"520":1,"521":0,"522":0,"523":0,"524":0,"525":0,"526":0,"527":0,"528":0,"529":0,"530":0,"531":0,"532":0,"533":0,"534":0,"535":0,"536":0,"537":0,"538":0,"539":0,"540":0,"541":0,"542":0,"543":0,"544":0,"545":0,"546":0,"547":0,"548":0,"549":0,"550":0,"551":0,"552":0,"553":0,"554":0,"555":0,"556":0,"557":0,"558":0,"559":0,"560":0,"561":0,"562":0,"563":0,"564":0,"565":0,"566":0,"567":0,"568":0,"569":0,"570":1,"571":0,"572":0,"573":0,"574":0,"575":0,"576":0,"577":1,"578":0,"579":0,"580":0,"581":0,"582":0,"583":0,"584":0,"585":0,"586":0,"587":0,"588":0,"589":0,"590":0,"591":1,"592":0,"593":0,"594":0,"595":0,"596":0,"597":0,"598":0,"599":0,"600":0,"601":0,"602":1,"603":0,"604":0,"605":0,"606":0,"607":0,"608":0,"609":0,"610":0,"611":0,"612":0,"613":0,"614":0,"615":0,"616":0,"617":0,"618":0,"619":0,"620":0,"621":0,"622":0,"623":0,"624":1,"625":0,"626":0,"627":0,"628":0,"629":0,"630":0,"631":0,"632":0,"633":0,"634":0,"635":0,"636":0,"637":0,"638":0,"639":0,"640":0,"641":0,"642":0,"643":0,"644":0,"645":0,"646":0,"647":0,"648":0,"649":0,"650":0,"651":0,"652":0,"653":1,"654":0,"655":0,"656":0,"657":0,"658":0,"659":0,"660":0,"661":0,"662":0,"663":0,"664":0,"665":0,"666":0,"667":0,"668":0,"669":0,"670":0,"671":0,"672":0,"673":0,"674":0,"675":0,"676":0,"677":0,"678":0,"679":0,"680":0,"681":0,"682":0,"683":0,"684":0,"685":0,"686":0,"687":0,"688":0,"689":0,"690":0,"691":0,"692":0,"693":0,"694":1,"695":0,"696":0,"697":0,"698":0,"699":0,"700":0,"701":0,"702":0,"703":0,"704":0,"705":0,"706":1,"707":0,"708":0,"709":0,"710":0,"711":0,"712":0,"713":0,"714":0,"715":0,"716":0,"717":0,"718":0,"719":0,"720":0,"721":0,"722":0,"723":0,"724":0,"725":1,"726":1,"727":1,"728":0,"729":0,"730":0,"731":0,"732":1,"733":0,"734":0,"735":0,"736":0,"737":0,"738":0,"739":0,"740":1,"741":1,"742":0,"743":0,"744":0,"745":0,"746":0,"747":0,"748":0,"749":0,"750":0,"751":0,"752":0,"753":0,"754":0,"755":0,"756":0,"757":0,"758":0,"759":0,"760":0,"761":0,"762":0,"763":0,"764":0,"765":0,"766":0,"767":0,"768":0,"769":0,"770":0,"771":0,"772":0,"773":0,"774":0,"775":0,"776":0,"777":0,"778":0,"779":0,"780":0,"781":0,"782":0,"783":0,"784":0,"785":0,"786":0,"787":0,"788":0,"789":0,"790":0,"791":0,"792":0,"793":0,"794":0,"795":0,"796":0,"797":0,"798":0,"799":0,"800":0,"801":0,"802":0,"803":1},"b":{"1":[1,0],"2":[0,0],"3":[0,0],"4":[15,0],"5":[0,0],"6":[0,0],"7":[0,0],"8":[0,0],"9":[264,264],"10":[0,0],"11":[0,0],"12":[0,0],"13":[1,0],"14":[0,0,0],"15":[0,0],"16":[0,0],"17":[0,0],"18":[0,0],"19":[0,0],"20":[0,0],"21":[0,0],"22":[0,0,0],"23":[0,0],"24":[0,0],"25":[0,0],"26":[0,0,0],"27":[0,0],"28":[0,0],"29":[0,0],"30":[0,0],"31":[0,0],"32":[0,0],"33":[0,0],"34":[0,0],"35":[0,0],"36":[0,0],"37":[0,0],"38":[0,0],"39":[0,0],"40":[0,0],"41":[0,0],"42":[0,0],"43":[0,0],"44":[0,0],"45":[0,0],"46":[0,0],"47":[0,0],"48":[0,0],"49":[0,0],"50":[0,0],"51":[0,0],"52":[0,0],"53":[0,0],"54":[0,0],"55":[0,0],"56":[0,0],"57":[0,0],"58":[0,0],"59":[0,0],"60":[0,0],"61":[0,0],"62":[0,0],"63":[0,0],"64":[0,0],"65":[0,0],"66":[0,0],"67":[0,0],"68":[0,0],"69":[0,0],"70":[0,0],"71":[0,0],"72":[0,0],"73":[0,0],"74":[0,0],"75":[0,0],"76":[0,0],"77":[0,0],"78":[0,0],"79":[0,0],"80":[0,0],"81":[0,0],"82":[0,0],"83":[0,0],"84":[0,0],"85":[0,0],"86":[0,0],"87":[0,0],"88":[0,0],"89":[0,0],"90":[0,0],"91":[0,0],"92":[0,0],"93":[0,0],"94":[0,0],"95":[0,0],"96":[0,0],"97":[0,0],"98":[0,0],"99":[0,0],"100":[0,0],"101":[0,0],"102":[0,0],"103":[0,0],"104":[0,0],"105":[0,0],"106":[0,0],"107":[0,0],"108":[0,0],"109":[0,0],"110":[0,0],"111":[0,0],"112":[0,0],"113":[0,0],"114":[0,0],"115":[0,0],"116":[0,0],"117":[0,0],"118":[0,0],"119":[0,0],"120":[0,0],"121":[0,0],"122":[0,0],"123":[0,0],"124":[0,0],"125":[0,0],"126":[0,0],"127":[0,0,0,0],"128":[0,0],"129":[0,0],"130":[0,0],"131":[0,0],"132":[0,0],"133":[0,0],"134":[0,0],"135":[0,0,0],"136":[0,0],"137":[0,0,0],"138":[0,0],"139":[0,0],"140":[0,0],"141":[0,0],"142":[0,0],"143":[0,0],"144":[0,0],"145":[0,0],"146":[0,0],"147":[0,0],"148":[0,0,0],"149":[0,0],"150":[0,0],"151":[0,0],"152":[0,0],"153":[0,0],"154":[0,0],"155":[0,0],"156":[0,0],"157":[0,0],"158":[0,0],"159":[0,0],"160":[0,0],"161":[0,0],"162":[0,0],"163":[0,0],"164":[0,0],"165":[0,0],"166":[0,0],"167":[0,0]},"f":{"1":1,"2":0,"3":15,"4":15,"5":0,"6":0,"7":0,"8":0,"9":0,"10":0,"11":0,"12":264,"13":0,"14":0,"15":0,"16":0,"17":0,"18":1,"19":0,"20":1,"21":0,"22":1,"23":0,"24":0,"25":0,"26":0,"27":0,"28":0,"29":0,"30":0,"31":0,"32":0,"33":0,"34":1,"35":0,"36":0,"37":0,"38":0,"39":0,"40":1,"41":0,"42":0,"43":0,"44":0,"45":0,"46":0,"47":1,"48":0,"49":0,"50":0,"51":1,"52":0,"53":0,"54":1,"55":0,"56":0,"57":0,"58":0,"59":1,"60":0,"61":0,"62":1,"63":0,"64":0,"65":1,"66":0,"67":1,"68":0,"69":0,"70":1,"71":0,"72":0,"73":0,"74":1,"75":0,"76":0,"77":0,"78":0,"79":0,"80":0,"81":0,"82":0,"83":0,"84":0,"85":0,"86":0,"87":0,"88":0,"89":0,"90":0,"91":0,"92":0,"93":0,"94":0,"95":0,"96":0,"97":0,"98":0,"99":0,"100":0,"101":0,"102":0,"103":0,"104":0,"105":1,"106":0,"107":0,"108":0,"109":0,"110":0,"111":0},"fnMap":{"1":{"name":"(anonymous_1)","line":2,"loc":{"start":{"line":2,"column":1},"end":{"line":2,"column":12}}},"2":{"name":"(anonymous_2)","line":4,"loc":{"start":{"line":4,"column":28},"end":{"line":4,"column":43}}},"3":{"name":"(anonymous_3)","line":6,"loc":{"start":{"line":6,"column":13},"end":{"line":6,"column":37}}},"4":{"name":"ctor","line":6,"loc":{"start":{"line":6,"column":124},"end":{"line":6,"column":140}}},"5":{"name":"(anonymous_5)","line":9,"loc":{"start":{"line":9,"column":10},"end":{"line":9,"column":21}}},"6":{"name":"(anonymous_6)","line":13,"loc":{"start":{"line":13,"column":14},"end":{"line":13,"column":30}}},"7":{"name":"(anonymous_7)","line":24,"loc":{"start":{"line":24,"column":8},"end":{"line":24,"column":24}}},"8":{"name":"(anonymous_8)","line":28,"loc":{"start":{"line":28,"column":8},"end":{"line":28,"column":19}}},"9":{"name":"(anonymous_9)","line":31,"loc":{"start":{"line":31,"column":19},"end":{"line":31,"column":30}}},"10":{"name":"(anonymous_10)","line":43,"loc":{"start":{"line":43,"column":20},"end":{"line":43,"column":31}}},"11":{"name":"(anonymous_11)","line":56,"loc":{"start":{"line":56,"column":31},"end":{"line":56,"column":51}}},"12":{"name":"(anonymous_12)","line":67,"loc":{"start":{"line":67,"column":32},"end":{"line":67,"column":65}}},"13":{"name":"(anonymous_13)","line":72,"loc":{"start":{"line":72,"column":30},"end":{"line":72,"column":63}}},"14":{"name":"(anonymous_14)","line":83,"loc":{"start":{"line":83,"column":28},"end":{"line":83,"column":39}}},"15":{"name":"(anonymous_15)","line":84,"loc":{"start":{"line":84,"column":43},"end":{"line":84,"column":55}}},"16":{"name":"(anonymous_16)","line":89,"loc":{"start":{"line":89,"column":29},"end":{"line":89,"column":40}}},"17":{"name":"(anonymous_17)","line":93,"loc":{"start":{"line":93,"column":41},"end":{"line":93,"column":57}}},"18":{"name":"(anonymous_18)","line":97,"loc":{"start":{"line":97,"column":25},"end":{"line":97,"column":46}}},"19":{"name":"DocoptLanguageError","line":100,"loc":{"start":{"line":100,"column":4},"end":{"line":100,"column":42}}},"20":{"name":"(anonymous_20)","line":109,"loc":{"start":{"line":109,"column":16},"end":{"line":109,"column":37}}},"21":{"name":"DocoptExit","line":112,"loc":{"start":{"line":112,"column":4},"end":{"line":112,"column":33}}},"22":{"name":"(anonymous_22)","line":121,"loc":{"start":{"line":121,"column":13},"end":{"line":121,"column":34}}},"23":{"name":"Pattern","line":124,"loc":{"start":{"line":124,"column":4},"end":{"line":124,"column":23}}},"24":{"name":"(anonymous_24)","line":128,"loc":{"start":{"line":128,"column":28},"end":{"line":128,"column":39}}},"25":{"name":"(anonymous_25)","line":134,"loc":{"start":{"line":134,"column":39},"end":{"line":134,"column":54}}},"26":{"name":"(anonymous_26)","line":163,"loc":{"start":{"line":163,"column":48},"end":{"line":163,"column":59}}},"27":{"name":"(anonymous_27)","line":166,"loc":{"start":{"line":166,"column":16},"end":{"line":166,"column":27}}},"28":{"name":"(anonymous_28)","line":183,"loc":{"start":{"line":183,"column":15},"end":{"line":183,"column":26}}},"29":{"name":"(anonymous_29)","line":215,"loc":{"start":{"line":215,"column":14},"end":{"line":215,"column":32}}},"30":{"name":"(anonymous_30)","line":223,"loc":{"start":{"line":223,"column":15},"end":{"line":223,"column":26}}},"31":{"name":"(anonymous_31)","line":228,"loc":{"start":{"line":228,"column":49},"end":{"line":228,"column":61}}},"32":{"name":"(anonymous_32)","line":234,"loc":{"start":{"line":234,"column":18},"end":{"line":234,"column":29}}},"33":{"name":"(anonymous_33)","line":264,"loc":{"start":{"line":264,"column":23},"end":{"line":264,"column":34}}},"34":{"name":"(anonymous_34)","line":275,"loc":{"start":{"line":275,"column":17},"end":{"line":275,"column":38}}},"35":{"name":"LeafPattern","line":279,"loc":{"start":{"line":279,"column":4},"end":{"line":279,"column":40}}},"36":{"name":"(anonymous_36)","line":284,"loc":{"start":{"line":284,"column":37},"end":{"line":284,"column":48}}},"37":{"name":"(anonymous_37)","line":288,"loc":{"start":{"line":288,"column":33},"end":{"line":288,"column":49}}},"38":{"name":"(anonymous_38)","line":301,"loc":{"start":{"line":301,"column":34},"end":{"line":301,"column":60}}},"39":{"name":"(anonymous_39)","line":314,"loc":{"start":{"line":314,"column":19},"end":{"line":314,"column":30}}},"40":{"name":"(anonymous_40)","line":349,"loc":{"start":{"line":349,"column":19},"end":{"line":349,"column":40}}},"41":{"name":"BranchPattern","line":353,"loc":{"start":{"line":353,"column":4},"end":{"line":353,"column":37}}},"42":{"name":"(anonymous_42)","line":357,"loc":{"start":{"line":357,"column":39},"end":{"line":357,"column":50}}},"43":{"name":"(anonymous_43)","line":359,"loc":{"start":{"line":359,"column":46},"end":{"line":359,"column":57}}},"44":{"name":"(anonymous_44)","line":371,"loc":{"start":{"line":371,"column":35},"end":{"line":371,"column":51}}},"45":{"name":"(anonymous_45)","line":380,"loc":{"start":{"line":380,"column":15},"end":{"line":380,"column":26}}},"46":{"name":"(anonymous_46)","line":391,"loc":{"start":{"line":391,"column":29},"end":{"line":391,"column":46}}},"47":{"name":"(anonymous_47)","line":400,"loc":{"start":{"line":400,"column":14},"end":{"line":400,"column":35}}},"48":{"name":"Argument","line":403,"loc":{"start":{"line":403,"column":4},"end":{"line":403,"column":24}}},"49":{"name":"(anonymous_49)","line":407,"loc":{"start":{"line":407,"column":37},"end":{"line":407,"column":52}}},"50":{"name":"(anonymous_50)","line":419,"loc":{"start":{"line":419,"column":21},"end":{"line":419,"column":38}}},"51":{"name":"(anonymous_51)","line":430,"loc":{"start":{"line":430,"column":13},"end":{"line":430,"column":34}}},"52":{"name":"Command","line":433,"loc":{"start":{"line":433,"column":4},"end":{"line":433,"column":36}}},"53":{"name":"(anonymous_53)","line":438,"loc":{"start":{"line":438,"column":36},"end":{"line":438,"column":51}}},"54":{"name":"(anonymous_54)","line":458,"loc":{"start":{"line":458,"column":12},"end":{"line":458,"column":33}}},"55":{"name":"Option","line":461,"loc":{"start":{"line":461,"column":4},"end":{"line":461,"column":53}}},"56":{"name":"(anonymous_56)","line":474,"loc":{"start":{"line":474,"column":32},"end":{"line":474,"column":43}}},"57":{"name":"(anonymous_57)","line":478,"loc":{"start":{"line":478,"column":19},"end":{"line":478,"column":48}}},"58":{"name":"(anonymous_58)","line":501,"loc":{"start":{"line":501,"column":35},"end":{"line":501,"column":50}}},"59":{"name":"(anonymous_59)","line":517,"loc":{"start":{"line":517,"column":14},"end":{"line":517,"column":35}}},"60":{"name":"Required","line":520,"loc":{"start":{"line":520,"column":4},"end":{"line":520,"column":24}}},"61":{"name":"(anonymous_61)","line":524,"loc":{"start":{"line":524,"column":31},"end":{"line":524,"column":57}}},"62":{"name":"(anonymous_62)","line":549,"loc":{"start":{"line":549,"column":14},"end":{"line":549,"column":35}}},"63":{"name":"Optional","line":552,"loc":{"start":{"line":552,"column":4},"end":{"line":552,"column":24}}},"64":{"name":"(anonymous_64)","line":556,"loc":{"start":{"line":556,"column":31},"end":{"line":556,"column":57}}},"65":{"name":"(anonymous_65)","line":576,"loc":{"start":{"line":576,"column":21},"end":{"line":576,"column":42}}},"66":{"name":"OptionsShortcut","line":580,"loc":{"start":{"line":580,"column":4},"end":{"line":580,"column":31}}},"67":{"name":"(anonymous_67)","line":588,"loc":{"start":{"line":588,"column":15},"end":{"line":588,"column":36}}},"68":{"name":"OneOrMore","line":591,"loc":{"start":{"line":591,"column":4},"end":{"line":591,"column":25}}},"69":{"name":"(anonymous_69)","line":595,"loc":{"start":{"line":595,"column":32},"end":{"line":595,"column":58}}},"70":{"name":"(anonymous_70)","line":627,"loc":{"start":{"line":627,"column":12},"end":{"line":627,"column":33}}},"71":{"name":"Either","line":630,"loc":{"start":{"line":630,"column":4},"end":{"line":630,"column":22}}},"72":{"name":"(anonymous_72)","line":634,"loc":{"start":{"line":634,"column":29},"end":{"line":634,"column":55}}},"73":{"name":"(anonymous_73)","line":652,"loc":{"start":{"line":652,"column":22},"end":{"line":652,"column":37}}},"74":{"name":"(anonymous_74)","line":670,"loc":{"start":{"line":670,"column":12},"end":{"line":670,"column":33}}},"75":{"name":"Tokens","line":673,"loc":{"start":{"line":673,"column":4},"end":{"line":673,"column":35}}},"76":{"name":"(anonymous_76)","line":680,"loc":{"start":{"line":680,"column":28},"end":{"line":680,"column":39}}},"77":{"name":"(anonymous_77)","line":688,"loc":{"start":{"line":688,"column":31},"end":{"line":688,"column":42}}},"78":{"name":"(anonymous_78)","line":696,"loc":{"start":{"line":696,"column":26},"end":{"line":696,"column":43}}},"79":{"name":"(anonymous_79)","line":699,"loc":{"start":{"line":699,"column":16},"end":{"line":699,"column":27}}},"80":{"name":"(anonymous_80)","line":718,"loc":{"start":{"line":718,"column":18},"end":{"line":718,"column":41}}},"81":{"name":"(anonymous_81)","line":722,"loc":{"start":{"line":722,"column":14},"end":{"line":722,"column":25}}},"82":{"name":"(anonymous_82)","line":735,"loc":{"start":{"line":735,"column":17},"end":{"line":735,"column":43}}},"83":{"name":"(anonymous_83)","line":744,"loc":{"start":{"line":744,"column":17},"end":{"line":744,"column":28}}},"84":{"name":"(anonymous_84)","line":786,"loc":{"start":{"line":786,"column":15},"end":{"line":786,"column":41}}},"85":{"name":"(anonymous_85)","line":794,"loc":{"start":{"line":794,"column":15},"end":{"line":794,"column":26}}},"86":{"name":"(anonymous_86)","line":806,"loc":{"start":{"line":806,"column":17},"end":{"line":806,"column":28}}},"87":{"name":"(anonymous_87)","line":819,"loc":{"start":{"line":819,"column":16},"end":{"line":819,"column":27}}},"88":{"name":"(anonymous_88)","line":857,"loc":{"start":{"line":857,"column":18},"end":{"line":857,"column":44}}},"89":{"name":"(anonymous_89)","line":867,"loc":{"start":{"line":867,"column":15},"end":{"line":867,"column":41}}},"90":{"name":"(anonymous_90)","line":887,"loc":{"start":{"line":887,"column":14},"end":{"line":887,"column":40}}},"91":{"name":"(anonymous_91)","line":902,"loc":{"start":{"line":902,"column":15},"end":{"line":902,"column":41}}},"92":{"name":"(anonymous_92)","line":932,"loc":{"start":{"line":932,"column":15},"end":{"line":932,"column":56}}},"93":{"name":"(anonymous_93)","line":941,"loc":{"start":{"line":941,"column":30},"end":{"line":941,"column":41}}},"94":{"name":"(anonymous_94)","line":955,"loc":{"start":{"line":955,"column":30},"end":{"line":955,"column":41}}},"95":{"name":"(anonymous_95)","line":971,"loc":{"start":{"line":971,"column":19},"end":{"line":971,"column":33}}},"96":{"name":"(anonymous_96)","line":979,"loc":{"start":{"line":979,"column":13},"end":{"line":979,"column":24}}},"97":{"name":"(anonymous_97)","line":988,"loc":{"start":{"line":988,"column":14},"end":{"line":988,"column":25}}},"98":{"name":"(anonymous_98)","line":998,"loc":{"start":{"line":998,"column":15},"end":{"line":998,"column":26}}},"99":{"name":"(anonymous_99)","line":1008,"loc":{"start":{"line":1008,"column":17},"end":{"line":1008,"column":28}}},"100":{"name":"(anonymous_100)","line":1024,"loc":{"start":{"line":1024,"column":17},"end":{"line":1024,"column":35}}},"101":{"name":"(anonymous_101)","line":1028,"loc":{"start":{"line":1028,"column":20},"end":{"line":1028,"column":31}}},"102":{"name":"(anonymous_102)","line":1040,"loc":{"start":{"line":1040,"column":11},"end":{"line":1040,"column":49}}},"103":{"name":"(anonymous_103)","line":1042,"loc":{"start":{"line":1042,"column":21},"end":{"line":1042,"column":32}}},"104":{"name":"(anonymous_104)","line":1053,"loc":{"start":{"line":1053,"column":24},"end":{"line":1053,"column":35}}},"105":{"name":"(anonymous_105)","line":1067,"loc":{"start":{"line":1067,"column":10},"end":{"line":1067,"column":31}}},"106":{"name":"Dict","line":1070,"loc":{"start":{"line":1070,"column":4},"end":{"line":1070,"column":25}}},"107":{"name":"(anonymous_107)","line":1078,"loc":{"start":{"line":1078,"column":30},"end":{"line":1078,"column":41}}},"108":{"name":"(anonymous_108)","line":1093,"loc":{"start":{"line":1093,"column":11},"end":{"line":1093,"column":33}}},"109":{"name":"(anonymous_109)","line":1127,"loc":{"start":{"line":1127,"column":35},"end":{"line":1127,"column":46}}},"110":{"name":"(anonymous_110)","line":1136,"loc":{"start":{"line":1136,"column":55},"end":{"line":1136,"column":70}}},"111":{"name":"(anonymous_111)","line":1152,"loc":{"start":{"line":1152,"column":25},"end":{"line":1152,"column":36}}}},"statementMap":{"1":{"start":{"line":2,"column":0},"end":{"line":1202,"column":14}},"2":{"start":{"line":3,"column":2},"end":{"line":7,"column":32}},"3":{"start":{"line":4,"column":45},"end":{"line":4,"column":138}},"4":{"start":{"line":4,"column":92},"end":{"line":4,"column":136}},"5":{"start":{"line":4,"column":127},"end":{"line":4,"column":136}},"6":{"start":{"line":4,"column":139},"end":{"line":4,"column":149}},"7":{"start":{"line":6,"column":39},"end":{"line":6,"column":123}},"8":{"start":{"line":6,"column":65},"end":{"line":6,"column":121}},"9":{"start":{"line":6,"column":96},"end":{"line":6,"column":121}},"10":{"start":{"line":6,"column":124},"end":{"line":6,"column":169}},"11":{"start":{"line":6,"column":142},"end":{"line":6,"column":167}},"12":{"start":{"line":6,"column":170},"end":{"line":6,"column":204}},"13":{"start":{"line":6,"column":205},"end":{"line":6,"column":234}},"14":{"start":{"line":6,"column":235},"end":{"line":6,"column":270}},"15":{"start":{"line":6,"column":271},"end":{"line":6,"column":284}},"16":{"start":{"line":9,"column":2},"end":{"line":11,"column":4}},"17":{"start":{"line":10,"column":4},"end":{"line":10,"column":53}},"18":{"start":{"line":13,"column":2},"end":{"line":22,"column":4}},"19":{"start":{"line":14,"column":4},"end":{"line":14,"column":33}},"20":{"start":{"line":15,"column":4},"end":{"line":15,"column":10}},"21":{"start":{"line":16,"column":4},"end":{"line":16,"column":17}},"22":{"start":{"line":17,"column":4},"end":{"line":20,"column":5}},"23":{"start":{"line":18,"column":6},"end":{"line":18,"column":22}},"24":{"start":{"line":19,"column":6},"end":{"line":19,"column":32}},"25":{"start":{"line":21,"column":4},"end":{"line":21,"column":19}},"26":{"start":{"line":24,"column":2},"end":{"line":26,"column":4}},"27":{"start":{"line":25,"column":4},"end":{"line":25,"column":42}},"28":{"start":{"line":28,"column":2},"end":{"line":54,"column":4}},"29":{"start":{"line":29,"column":4},"end":{"line":29,"column":59}},"30":{"start":{"line":30,"column":4},"end":{"line":30,"column":65}},"31":{"start":{"line":31,"column":4},"end":{"line":39,"column":9}},"32":{"start":{"line":32,"column":6},"end":{"line":32,"column":26}},"33":{"start":{"line":33,"column":6},"end":{"line":33,"column":19}},"34":{"start":{"line":34,"column":6},"end":{"line":37,"column":7}},"35":{"start":{"line":35,"column":8},"end":{"line":35,"column":22}},"36":{"start":{"line":36,"column":8},"end":{"line":36,"column":33}},"37":{"start":{"line":38,"column":6},"end":{"line":38,"column":21}},"38":{"start":{"line":40,"column":4},"end":{"line":40,"column":47}},"39":{"start":{"line":41,"column":4},"end":{"line":41,"column":17}},"40":{"start":{"line":42,"column":4},"end":{"line":52,"column":5}},"41":{"start":{"line":43,"column":6},"end":{"line":51,"column":12}},"42":{"start":{"line":44,"column":8},"end":{"line":44,"column":29}},"43":{"start":{"line":45,"column":8},"end":{"line":45,"column":22}},"44":{"start":{"line":46,"column":8},"end":{"line":49,"column":9}},"45":{"start":{"line":47,"column":10},"end":{"line":47,"column":24}},"46":{"start":{"line":48,"column":10},"end":{"line":48,"column":32}},"47":{"start":{"line":50,"column":8},"end":{"line":50,"column":24}},"48":{"start":{"line":53,"column":4},"end":{"line":53,"column":19}},"49":{"start":{"line":56,"column":2},"end":{"line":65,"column":4}},"50":{"start":{"line":57,"column":4},"end":{"line":57,"column":20}},"51":{"start":{"line":58,"column":4},"end":{"line":58,"column":16}},"52":{"start":{"line":59,"column":4},"end":{"line":64,"column":5}},"53":{"start":{"line":60,"column":6},"end":{"line":60,"column":36}},"54":{"start":{"line":61,"column":6},"end":{"line":61,"column":67}},"55":{"start":{"line":63,"column":6},"end":{"line":63,"column":36}},"56":{"start":{"line":67,"column":2},"end":{"line":70,"column":4}},"57":{"start":{"line":68,"column":4},"end":{"line":68,"column":29}},"58":{"start":{"line":69,"column":4},"end":{"line":69,"column":65}},"59":{"start":{"line":72,"column":2},"end":{"line":81,"column":4}},"60":{"start":{"line":73,"column":4},"end":{"line":73,"column":33}},"61":{"start":{"line":74,"column":4},"end":{"line":74,"column":36}},"62":{"start":{"line":75,"column":4},"end":{"line":77,"column":5}},"63":{"start":{"line":76,"column":6},"end":{"line":76,"column":38}},"64":{"start":{"line":78,"column":4},"end":{"line":78,"column":36}},"65":{"start":{"line":79,"column":4},"end":{"line":79,"column":62}},"66":{"start":{"line":80,"column":4},"end":{"line":80,"column":54}},"67":{"start":{"line":83,"column":2},"end":{"line":87,"column":4}},"68":{"start":{"line":84,"column":4},"end":{"line":86,"column":7}},"69":{"start":{"line":85,"column":6},"end":{"line":85,"column":22}},"70":{"start":{"line":89,"column":2},"end":{"line":91,"column":4}},"71":{"start":{"line":90,"column":4},"end":{"line":90,"column":34}},"72":{"start":{"line":93,"column":2},"end":{"line":95,"column":4}},"73":{"start":{"line":94,"column":4},"end":{"line":94,"column":87}},"74":{"start":{"line":97,"column":2},"end":{"line":107,"column":12}},"75":{"start":{"line":98,"column":4},"end":{"line":98,"column":44}},"76":{"start":{"line":100,"column":4},"end":{"line":103,"column":5}},"77":{"start":{"line":101,"column":6},"end":{"line":101,"column":29}},"78":{"start":{"line":102,"column":6},"end":{"line":102,"column":73}},"79":{"start":{"line":105,"column":4},"end":{"line":105,"column":31}},"80":{"start":{"line":109,"column":2},"end":{"line":119,"column":12}},"81":{"start":{"line":110,"column":4},"end":{"line":110,"column":35}},"82":{"start":{"line":112,"column":4},"end":{"line":115,"column":5}},"83":{"start":{"line":113,"column":6},"end":{"line":113,"column":29}},"84":{"start":{"line":114,"column":6},"end":{"line":114,"column":64}},"85":{"start":{"line":117,"column":4},"end":{"line":117,"column":22}},"86":{"start":{"line":121,"column":2},"end":{"line":213,"column":13}},"87":{"start":{"line":122,"column":4},"end":{"line":122,"column":32}},"88":{"start":{"line":124,"column":4},"end":{"line":126,"column":5}},"89":{"start":{"line":125,"column":6},"end":{"line":125,"column":66}},"90":{"start":{"line":128,"column":4},"end":{"line":132,"column":6}},"91":{"start":{"line":129,"column":6},"end":{"line":129,"column":28}},"92":{"start":{"line":130,"column":6},"end":{"line":130,"column":37}},"93":{"start":{"line":131,"column":6},"end":{"line":131,"column":18}},"94":{"start":{"line":134,"column":4},"end":{"line":161,"column":6}},"95":{"start":{"line":135,"column":6},"end":{"line":135,"column":58}},"96":{"start":{"line":136,"column":6},"end":{"line":138,"column":7}},"97":{"start":{"line":137,"column":8},"end":{"line":137,"column":20}},"98":{"start":{"line":139,"column":6},"end":{"line":139,"column":71}},"99":{"start":{"line":140,"column":6},"end":{"line":142,"column":7}},"100":{"start":{"line":141,"column":8},"end":{"line":141,"column":20}},"101":{"start":{"line":143,"column":6},"end":{"line":149,"column":7}},"102":{"start":{"line":144,"column":8},"end":{"line":144,"column":62}},"103":{"start":{"line":145,"column":8},"end":{"line":148,"column":9}},"104":{"start":{"line":146,"column":10},"end":{"line":146,"column":22}},"105":{"start":{"line":147,"column":10},"end":{"line":147,"column":22}},"106":{"start":{"line":150,"column":6},"end":{"line":150,"column":38}},"107":{"start":{"line":151,"column":6},"end":{"line":159,"column":7}},"108":{"start":{"line":152,"column":8},"end":{"line":152,"column":49}},"109":{"start":{"line":153,"column":8},"end":{"line":158,"column":9}},"110":{"start":{"line":154,"column":10},"end":{"line":154,"column":49}},"111":{"start":{"line":155,"column":10},"end":{"line":155,"column":37}},"112":{"start":{"line":157,"column":10},"end":{"line":157,"column":33}},"113":{"start":{"line":160,"column":6},"end":{"line":160,"column":18}},"114":{"start":{"line":163,"column":4},"end":{"line":209,"column":6}},"115":{"start":{"line":164,"column":6},"end":{"line":164,"column":62}},"116":{"start":{"line":165,"column":6},"end":{"line":165,"column":77}},"117":{"start":{"line":166,"column":6},"end":{"line":175,"column":20}},"118":{"start":{"line":167,"column":8},"end":{"line":167,"column":33}},"119":{"start":{"line":168,"column":8},"end":{"line":168,"column":39}},"120":{"start":{"line":169,"column":8},"end":{"line":169,"column":21}},"121":{"start":{"line":170,"column":8},"end":{"line":173,"column":9}},"122":{"start":{"line":171,"column":10},"end":{"line":171,"column":25}},"123":{"start":{"line":172,"column":10},"end":{"line":172,"column":39}},"124":{"start":{"line":174,"column":8},"end":{"line":174,"column":23}},"125":{"start":{"line":176,"column":6},"end":{"line":207,"column":7}},"126":{"start":{"line":177,"column":8},"end":{"line":177,"column":27}},"127":{"start":{"line":178,"column":8},"end":{"line":178,"column":20}},"128":{"start":{"line":179,"column":8},"end":{"line":182,"column":9}},"129":{"start":{"line":180,"column":10},"end":{"line":180,"column":24}},"130":{"start":{"line":181,"column":10},"end":{"line":181,"column":54}},"131":{"start":{"line":183,"column":8},"end":{"line":193,"column":13}},"132":{"start":{"line":184,"column":10},"end":{"line":184,"column":31}},"133":{"start":
[...]
    if (o.long === long) {","          results.push(o);","        }","      }","      return results;","    })();","    if (tokens.error === DocoptExit && similar.length === 0) {","      similar = (function() {","        var j, len, results;","        results = [];","        for (j = 0, len = options.length; j < len; j++) {","          o = options[j];","          if (o.long && o.long.startsWith(long)) {","            results.push(o);","          }","        }","        return results;","      })();","    }","    if (similar.length > 1) {","      longs = ((function() {","        var j, len, results;","        results = [];","        for (j = 0, len = similar.length; j < len; j++) {","          o = similar[j];","          results.push(o.long);","        }","        return results;","      })()).join(', ');","      throw new tokens.error(long + \" is not a unique prefix: \" + longs + \"?\");","    } else if (similar.length < 1) {","      argcount = eq === '=' ? 1 : 0;","      o = new Option(null, long, argcount);","      options.push(o);","      if (tokens.error === DocoptExit) {","        o = new Option(null, long, argcount, argcount > 0 ? value : true);","      }","    } else {","      o = new Option(similar[0].short, similar[0].long, similar[0].argcount, similar[0].value);","      if (o.argcount === 0) {","        if (value !== null) {","          throw new tokens.error(o.long + \" must not have an argument\");","        }","      } else {","        if (value === null) {","          if ((ref1 = tokens.current()) === null || ref1 === '--') {","            throw new tokens.error(o.long + \" requires argument\");","          }","          value = tokens.move();","        }","      }","      if (tokens.error === DocoptExit) {","        o.value = value !== null ? value : true;","      }","    }","    return [o];","  };","","  parse_pattern = function(source, options) {","    var result, tokens;","    tokens = Tokens.from_pattern(source);","    result = parse_expr(tokens, options);","    if (tokens.current() !== null) {","      throw new tokens.error('unexpected ending: ' + (tokens.join(' ')));","    }","    return new Required(result);","  };","","  parse_expr = function(tokens, options) {","    \"expr ::= seq ( '|' seq )* ;\";","    var result, seq;","    seq = parse_seq(tokens, options);","    if (tokens.current() !== '|') {","      return seq;","    }","    result = seq.length > 1 ? [new Required(seq)] : seq;","    while (tokens.current() === '|') {","      tokens.move();","      seq = parse_seq(tokens, options);","      result = result.concat(seq.length > 1 ? [new Required(seq)] : seq);","    }","    if (result.length > 1) {","      return [new Either(result)];","    } else {","      return result;","    }","  };","","  parse_seq = function(tokens, options) {","    \"seq ::= ( atom [ '...' ] )* ;\";","    var atom, ref, result;","    result = [];","    while ((ref = tokens.current()) !== null && ref !== ']' && ref !== ')' && ref !== '|') {","      atom = parse_atom(tokens, options);","      if (tokens.current() === '...') {","        atom = [new OneOrMore(atom)];","        tokens.move();","      }","      result = result.concat(atom);","    }","    return result;","  };","","  parse_atom = function(tokens, options) {","    \"atom ::= '(' expr ')' | '[' expr ']' | 'options'\\n| long | shorts | argument | command ;\";","    var matching, patternType, ref, result, token;","    token = tokens.current();","    result = [];","    if (indexOf.call('([', token) >= 0) {","      tokens.move();","      ref = {","        '(': [')', Required],","        '[': [']', Optional]","      }[token], matching = ref[0], patternType = ref[1];","      result = new patternType(parse_expr(tokens, options));","      if (tokens.move() !== matching) {","        throw new tokens.error(\"Unmatched '\" + token + \"'\");","      }","      return [result];","    } else if (token === 'options') {","      tokens.move();","      return [new OptionsShortcut];","    } else if (token.startsWith('--') && token !== '--') {","      return parse_long(tokens, options);","    } else if (token.startsWith('-') && (token !== '-' && token !== '--')) {","      return parse_shorts(tokens, options);","    } else if (token.startsWith('<') && token.endsWith('>') || token.isUpper()) {","      return [new Argument(tokens.move())];","    } else {","      return [new Command(tokens.move())];","    }","  };","","  parse_argv = function(tokens, options, options_first) {","    var parsed, v;","    if (options_first == null) {","      options_first = false;","    }","    \"Parse command-line argument vector.\\nIf options_first:\\n    argv ::= [ long | shorts ]* [ argument ]* [ '--' [ argument ]* ] ;\\nelse:\\n    argv ::= [ long | shorts | argument ]* [ '--' [ argument ]* ] ;\";","    parsed = [];","    while (tokens.current() !== null) {","      if (tokens.current() === '--') {","        return parsed.concat((function() {","          var j, len, results;","          results = [];","          for (j = 0, len = tokens.length; j < len; j++) {","            v = tokens[j];","            results.push(new Argument(null, v));","          }","          return results;","        })());","      } else if (tokens.current().startsWith('--')) {","        parsed = parsed.concat(parse_long(tokens, options));","      } else if (tokens.current().startsWith('-') && tokens.current() !== '-') {","        parsed = parsed.concat(parse_shorts(tokens, options));","      } else if (options_first) {","        return parsed.concat((function() {","          var j, len, results;","          results = [];","          for (j = 0, len = tokens.length; j < len; j++) {","            v = tokens[j];","            results.push(new Argument(null, v));","          }","          return results;","        })());","      } else {","        parsed.push(new Argument(null, tokens.move()));","      }","    }","    return parsed;","  };","","  parse_defaults = function(doc) {","    var _, defaults, even, j, len, odd, options, ref, ref1, s, s1, s2, split, v;","    defaults = [];","    ref = parse_section('options:', doc);","    for (j = 0, len = ref.length; j < len; j++) {","      s = ref[j];","      ref1 = s.partition(':'), _ = ref1[0], _ = ref1[1], s = ref1[2];","      split = ('\\n' + s).split(new RegExp('\\\\n[ \\\\t]*(-\\\\S+?)')).slice(1);","      odd = (function() {","        var len1, q, results;","        results = [];","        for (q = 0, len1 = split.length; q < len1; q += 2) {","          v = split[q];","          results.push(v);","        }","        return results;","      })();","      even = (function() {","        var len1, q, ref2, results;","        ref2 = split.slice(1);","        results = [];","        for (q = 0, len1 = ref2.length; q < len1; q += 2) {","          v = ref2[q];","          results.push(v);","        }","        return results;","      })();","      split = (function() {","        var len1, q, ref2, ref3, results;","        ref2 = zip(odd, even);","        results = [];","        for (q = 0, len1 = ref2.length; q < len1; q++) {","          ref3 = ref2[q], s1 = ref3[0], s2 = ref3[1];","          results.push(s1 + s2);","        }","        return results;","      })();","      options = (function() {","        var len1, q, results;","        results = [];","        for (q = 0, len1 = split.length; q < len1; q++) {","          s = split[q];","          if (s.startsWith('-')) {","            results.push(Option.parse(s));","          }","        }","        return results;","      })();","      defaults.push.apply(defaults, options);","    }","    return defaults;","  };","","  formal_usage = function(section) {","    var _, pu, ref, s;","    ref = section.partition(':'), _ = ref[0], _ = ref[1], section = ref[2];","    pu = section._split();","    return '( ' + ((function() {","      var j, len, ref1, results;","      ref1 = pu.slice(1);","      results = [];","      for (j = 0, len = ref1.length; j < len; j++) {","        s = ref1[j];","        results.push(s === pu[0] ? ') | (' : s);","      }","      return results;","    })()).join(' ') + ' )';","  };","","  extras = function(help, version, options, doc) {","    var o;","    if (help && any((function() {","      var j, len, ref, results;","      results = [];","      for (j = 0, len = options.length; j < len; j++) {","        o = options[j];","        results.push(((ref = o.name) === '--help' || ref === '-h') && o.value);","      }","      return results;","    })())) {","      return doc.replace(/^\\s*|\\s*$/, '');","    }","    if (version && any((function() {","      var j, len, results;","      results = [];","      for (j = 0, len = options.length; j < len; j++) {","        o = options[j];","        results.push((o.name === '--version') && o.value);","      }","      return results;","    })())) {","      return version;","    }","    return \"\";","  };","","  Dict = (function(superClass) {","    extend(Dict, superClass);","","    function Dict(pairs) {","      var j, key, len, ref, value;","      for (j = 0, len = pairs.length; j < len; j++) {","        ref = pairs[j], key = ref[0], value = ref[1];","        this[key] = value;","      }","    }","","    Dict.prototype.toObject = function() {","      var dict, j, len, name, ref;","      dict = {};","      ref = Object.keys(this).sort();","      for (j = 0, len = ref.length; j < len; j++) {","        name = ref[j];","        dict[name] = this[name];","      }","      return dict;","    };","","    return Dict;","","  })(Object);","","  docopt = function(doc, kwargs) {","    var a, allowedargs, arg, argv, collected, doc_options, e, exit, help, i, j, left, len, matched, name, options, options_first, options_shortcut, output, pattern, pattern_options, pattern_options_strings, ref, ref1, usage_sections, version;","    if (kwargs == null) {","      kwargs = {};","    }","    allowedargs = ['argv', 'name', 'help', 'version', 'options_first', 'exit'];","    for (arg in kwargs) {","      if (indexOf.call(allowedargs, arg) < 0) {","        throw new Error(\"unrecognized argument to docopt: \");","      }","    }","    argv = kwargs.argv === void 0 ? process.argv.slice(2) : kwargs.argv;","    name = kwargs.name === void 0 ? null : kwargs.name;","    help = kwargs.help === void 0 ? true : kwargs.help;","    version = kwargs.version === void 0 ? null : kwargs.version;","    options_first = kwargs.options_first === void 0 ? false : kwargs.options_first;","    exit = kwargs.exit === void 0 ? true : kwargs.exit;","    try {","      usage_sections = parse_section('usage:', doc);","      if (usage_sections.length === 0) {","        throw new DocoptLanguageError('\"usage:\" (case-insensitive) not found.');","      }","      if (usage_sections.length > 1) {","        throw new DocoptLanguageError('More than one \"usage:\" (case-insensitive).');","      }","      DocoptExit.usage = usage_sections[0];","      options = parse_defaults(doc);","      pattern = parse_pattern(formal_usage(DocoptExit.usage), options);","      argv = parse_argv(new Tokens(argv), options, options_first);","      pattern_options = pattern.flat(Option);","      ref = pattern.flat(OptionsShortcut);","      for (j = 0, len = ref.length; j < len; j++) {","        options_shortcut = ref[j];","        doc_options = parse_defaults(doc);","        pattern_options_strings = (function() {","          var len1, q, results;","          results = [];","          for (q = 0, len1 = pattern_options.length; q < len1; q++) {","            i = pattern_options[q];","            results.push(i.toString());","          }","          return results;","        })();","        options_shortcut.children = doc_options.filter(function(item) {","          var ref1;","          return ref1 = item.toString(), indexOf.call(pattern_options_strings, ref1) < 0;","        });","      }","      output = extras(help, version, argv, doc);","      if (output) {","        if (exit) {","          print(output);","          process.exit();","        } else {","          throw new Error(output);","        }","      }","      ref1 = pattern.fix().match(argv), matched = ref1[0], left = ref1[1], collected = ref1[2];","      if (matched && left.length === 0) {","        return new Dict((function() {","          var len1, q, ref2, results;","          ref2 = [].concat(pattern.flat(), collected);","          results = [];","          for (q = 0, len1 = ref2.length; q < len1; q++) {","            a = ref2[q];","            results.push([a.name, a.value]);","          }","          return results;","        })()).toObject();","      }","      throw new DocoptExit(DocoptExit.usage);","    } catch (_error) {","      e = _error;","      if (!exit) {","        throw e;","      } else {","        if (e.message) {","          print(e.message);","        }","        return process.exit(1);","      }","    }","  };","","  module.exports = {","    docopt: docopt,","    DocoptLanguageError: DocoptLanguageError,","    DocoptExit: DocoptExit,","    Option: Option,","    Argument: Argument,","    Command: Command,","    Required: Required,","    OptionsShortcut: OptionsShortcut,","    Either: Either,","    Optional: Optional,","    Pattern: Pattern,","    OneOrMore: OneOrMore,","    Tokens: Tokens,","    Dict: Dict,","    transform: transform,","    formal_usage: formal_usage,","    parse_section: parse_section,","    parse_defaults: parse_defaults,","    parse_pattern: parse_pattern,","    parse_long: parse_long,","    parse_shorts: parse_shorts,","    parse_argv: parse_argv","  };","","}).call(this);",""],"l":{"2":1,"3":1,"4":0,"6":15,"9":1,"10":0,"13":1,"14":0,"15":0,"16":0,"17":0,"18":0,"19":0,"21":0,"24":1,"25":0,"28":1,"29":0,"30":0,"31":0,"32":0,"33":0,"34":0,"35":0,"36":0,"38":0,"40":0,"41":0,"42":0,"43":0,"44":0,"45":0,"46":0,"47":0,"48":0,"50":0,"53":0,"56":1,"57":0,"58":0,"59":0,"60":0,"61":0,"63":0,"67":1,"68":238,"69":238,"72":1,"73":0,"74":0,"75":0,"76":0,"78":0,"79":0,"80":0,"83":1,"84":0,"85":0,"89":1,"90":0,"93":1,"94":0,"97":1,"98":1,"100":1,"101":0,"102":0,"105":1,"109":1,"110":1,"112":1,"113":0,"114":0,"117":1,"121":1,"122":1,"124":1,"125":0,"128":1,"129":0,"130":0,"131":0,"134":1,"135":0,"136":0,"137":0,"139":0,"140":0,"141":0,"143":0,"144":0,"145":0,"146":0,"147":0,"150":0,"151":0,"152":0,"153":0,"154":0,"155":0,"157":0,"160":0,"163":1,"164":0,"165":0,"166":0,"167":0,"168":0,"169":0,"170":0,"171":0,"172":0,"174":0,"176":0,"177":0,"178":0,"179":0,"180":0,"181":0,"183":0,"184":0,"185":0,"186":0,"187":0,"188":0,"189":0,"192":0,"194":0,"195":0,"196":0,"197":0,"198":0,"199":0,"200":0,"203":0,"204":0,"208":0,"211":1,"215":1,"216":0,"217":0,"218":0,"219":0,"220":0,"221":0,"222":0,"223":0,"224":0,"225":0,"226":0,"227":0,"228":0,"229":0,"232":0,"234":0,"235":0,"236":0,"237":0,"238":0,"239":0,"240":0,"243":0,"245":0,"246":0,"247":0,"249":0,"250":0,"251":0,"252":0,"253":0,"255":0,"256":0,"258":0,"261":0,"264":0,"265":0,"266":0,"267":0,"268":0,"269":0,"271":0,"275":1,"276":1,"277":1,"279":1,"280":0,"281":0,"284":1,"285":0,"288":1,"289":0,"290":0,"291":0,"293":0,"294":0,"295":0,"297":0,"301":1,"302":0,"303":0,"304":0,"306":0,"307":0,"309":0,"310":0,"311":0,"313":0,"314":0,"315":0,"316":0,"317":0,"318":0,"319":0,"320":0,"323":0,"325":0,"326":0,"327":0,"329":0,"331":0,"332":0,"333":0,"335":0,"336":0,"338":0,"340":0,"342":0,"345":1,"349":1,"350":1,"351":1,"353":1,"354":0,"357":1,"358":0,"359":0,"360":0,"361":0,"362":0,"363":0,"364":0,"365":0,"367":0,"371":1,"372":0,"373":0,"374":0,"376":0,"377":0,"378":0,"380":0,"381":0,"382":0,"383":0,"384":0,"385":0,"386":0,"387":0,"390":0,"392":0,"396":1,"400":1,"401":1,"403":1,"404":0,"407":1,"408":0,"409":0,"410":0,"411":0,"412":0,"413":0,"416":0,"419":1,"420":0,"421":0,"422":0,"423":0,"426":1,"430":1,"431":1,"433":1,"434":0,"435":0,"438":1,"439":0,"440":0,"441":0,"442":0,"443":0,"444":0,"445":0,"447":0,"451":0,"454":1,"458":1,"459":1,"461":1,"462":0,"463":0,"464":0,"465":0,"466":0,"467":0,"469":0,"470":0,"471":0,"474":1,"475":0,"478":1,"479":0,"480":0,"481":0,"482":0,"483":0,"484":0,"485":0,"486":0,"487":0,"488":0,"489":0,"491":0,"494":0,"495":0,"496":0,"498":0,"501":1,"502":0,"503":0,"504":0,"505":0,"506":0,"507":0,"510":0,"513":1,"517":1,"518":1,"520":1,"521":0,"524":1,"525":0,"526":0,"527":0,"529":0,"530":0,"532":0,"533":0,"534":0,"535":0,"536":0,"537":0,"538":0,"539":0,"542":0,"545":1,"549":1,"550":1,"552":1,"553":0,"556":1,"557":0,"558":0,"559":0,"561":0,"562":0,"564":0,"565":0,"566":0,"567":0,"569":0,"572":1,"576":1,"577":1,"578":1,"580":1,"581":0,"584":1,"588":1,"589":1,"591":1,"592":0,"595":1,"596":0,"597":0,"598":0,"600":0,"601":0,"602":0,"604":0,"605":0,"606":0,"607":0,"608":0,"609":0,"610":0,"611":0,"612":0,"613":0,"615":0,"617":0,"618":0,"620":0,"623":1,"627":1,"628":1,"630":1,"631":0,"634":1,"635":0,"636":0,"637":0,"639":0,"640":0,"642":0,"643":0,"644":0,"645":0,"646":0,"647":0,"648":0,"651":0,"652":0,"653":0,"654":0,"655":0,"656":0,"658":0,"661":0,"663":0,"666":1,"670":1,"671":1,"673":1,"674":0,"675":0,"676":0,"677":0,"680":1,"681":0,"682":0,"684":0,"688":1,"689":0,"690":0,"692":0,"696":1,"697":0,"698":0,"699":0,"700":0,"701":0,"702":0,"703":0,"704":0,"705":0,"706":0,"709":0,"711":0,"714":1,"718":1,"719":0,"720":0,"721":0,"722":0,"723":0,"724":0,"725":0,"726":0,"727":0,"729":0,"732":0,"735":1,"736":0,"737":0,"738":0,"739":0,"740":0,"741":0,"742":0,"743":0,"744":0,"745":0,"746":0,"747":0,"748":0,"749":0,"750":0,"753":0,"755":0,"756":0,"757":0,"758":0,"759":0,"760":0,"761":0,"764":0,"765":0,"766":0,"767":0,"768":0,"769":0,"771":0,"773":0,"774":0,"777":0,"778":0,"781":0,"783":0,"786":1,"787":0,"788":0,"789":0,"790":0,"791":0,"792":0,"794":0,"795":0,"796":0,"797":0,"798":0,"799":0,"800":0,"803":0,"805":0,"806":0,"807":0,"808":0,"809":0,"810":0,"811":0,"812":0,"815":0,"818":0,"819":0,"820":0,"821":0,"822":0,"823":0,"824":0,"826":0,"828":0,"829":0,"830":0,"831":0,"832":0,"833":0,"834":0,"837":0,"838":0,"839":0,"840":0,"843":0,"844":0,"845":0,"847":0,"850":0,"851":0,"854":0,"857":1,"858":0,"859":0,"860":0,"861":0,"862":0,"864":0,"867":1,"868":0,"869":0,"870":0,"871":0,"872":0,"874":0,"875":0,"876":0,"877":0,"878":0,"880":0,"881":0,"883":0,"887":1,"888":0,"889":0,"890":0,"891":0,"892":0,"893":0,"894":0,"895":0,"897":0,"899":0,"902":1,"903":0,"904":0,"905":0,"906":0,"907":0,"908":0,"909":0,"913":0,"914":0,"915":0,"917":0,"918":0,"919":0,"920":0,"921":0,"922":0,"923":0,"924":0,"925":0,"926":0,"928":0,"932":1,"933":0,"934":0,"935":0,"937":0,"938":0,"939":0,"940":0,"941":0,"942":0,"943":0,"944":0,"945":0,"946":0,"948":0,"950":0,"951":0,"952":0,"953":0,"954":0,"955":0,"956":0,"957":0,"958":0,"959":0,"960":0,"962":0,"965":0,"968":0,"971":1,"972":0,"973":0,"974":0,"975":0,"976":0,"977":0,"978":0,"979":0,"980":0,"981":0,"982":0,"983":0,"984":0,"986":0,"988":0,"989":0,"990":0,"991":0,"992":0,"993":0,"994":0,"996":0,"998":0,"999":0,"1000":0,"1001":0,"1002":0,"1003":0,"1004":0,"1006":0,"1008":0,"1009":0,"1010":0,"1011":0,"1012":0,"1013":0,"1014":0,"1017":0,"1019":0,"1021":0,"1024":1,"1025":0,"1026":0,"1027":0,"1028":0,"1029":0,"1030":0,"1031":0,"1032":0,"1033":0,"1034":0,"1036":0,"1040":1,"1041":0,"1042":0,"1043":0,"1044":0,"1045":0,"1046":0,"1047":0,"1049":0,"1051":0,"1053":0,"1054":0,"1055":0,"1056":0,"1057":0,"1058":0,"1060":0,"1062":0,"1064":0,"1067":1,"1068":1,"1070":1,"1071":0,"1072":0,"1073":0,"1074":0,"1078":1,"1079":0,"1080":0,"1081":0,"1082":0,"1083":0,"1084":0,"1086":0,"1089":1,"1093":1,"1094":0,"1095":0,"1096":0,"1098":0,"1099":0,"1100":0,"1101":0,"1104":0,"1105":0,"1106":0,"1107":0,"1108":0,"1109":0,"1110":0,"1111":0,"1112":0,"1113":0,"1115":0,"1116":0,"1118":0,"1119":0,"1120":0,"1121":0,"1122":0,"1123":0,"1124":0,"1125":0,"1126":0,"1127":0,"1128":0,"1129":0,"1130":0,"1131":0,"1132":0,"1134":0,"1136":0,"1137":0,"1138":0,"1141":0,"1142":0,"1143":0,"1144":0,"1145":0,"1147":0,"1150":0,"1151":0,"1152":0,"1153":0,"1154":0,"1155":0,"1156":0,"1157":0,"1158":0,"1160":0,"1163":0,"1165":0,"1166":0,"1167":0,"1169":0,"1170":0,"1172":0,"1177":1}}}